This file contains any messages produced by compilers while
running configure, to aid debugging if configure makes a mistake.

It was created by configure, which was
generated by GNU Autoconf 2.53.  Invocation command line was

  $ ./configure --prefix=/home/xray/chp/progs/CLUCalcSource/CLUfltk

## --------- ##
## Platform. ##
## --------- ##

hostname = xray
uname -m = i686
uname -r = 2.6.13-15-smp
uname -s = Linux
uname -v = #1 SMP Tue Sep 13 14:56:15 UTC 2005

/usr/bin/uname -p = unknown
/bin/uname -X     = unknown

/bin/arch              = i686
/usr/bin/arch -k       = unknown
/usr/convex/getsysinfo = unknown
hostinfo               = unknown
/bin/machine           = unknown
/usr/bin/oslevel       = unknown
/bin/universe          = unknown

PATH: /usr/local/bin
PATH: /usr/bin
PATH: /usr/X11R6/bin
PATH: /bin
PATH: /usr/games
PATH: /opt/gnome/bin
PATH: /opt/kde3/bin
PATH: /usr/lib/mit/bin
PATH: /usr/lib/mit/sbin
PATH: /usr/lib/mit/bin
PATH: /usr/lib/mit/sbin


## ----------- ##
## Core tests. ##
## ----------- ##

configure:1470: checking for gcc
configure:1486: found /usr/bin/gcc
configure:1496: result: gcc
configure:1740: checking for C compiler version
configure:1743: gcc --version </dev/null >&5
gcc (GCC) 4.0.2 20050901 (prerelease) (SUSE Linux)
Copyright (C) 2005 Free Software Foundation, Inc.
This is free software; see the source for copying conditions.  There is NO
warranty; not even for MERCHANTABILITY or FITNESS FOR A PARTICULAR PURPOSE.

configure:1746: $? = 0
configure:1748: gcc -v </dev/null >&5
Using built-in specs.
Target: i586-suse-linux
Configured with: ../configure --enable-threads=posix --prefix=/usr --with-local-prefix=/usr/local --infodir=/usr/share/info --mandir=/usr/share/man --libdir=/usr/lib --libexecdir=/usr/lib --enable-languages=c,c++,objc,f95,java,ada --disable-checking --with-gxx-include-dir=/usr/include/c++/4.0.2 --enable-java-awt=gtk --disable-libjava-multilib --with-slibdir=/lib --with-system-zlib --enable-shared --enable-__cxa_atexit --without-system-libunwind --host=i586-suse-linux
Thread model: posix
gcc version 4.0.2 20050901 (prerelease) (SUSE Linux)
configure:1751: $? = 0
configure:1753: gcc -V </dev/null >&5
gcc: '-V' option must have argument
configure:1756: $? = 1
configure:1782: checking for C compiler default output
configure:1785: gcc    conftest.c  >&5
configure:1788: $? = 0
configure:1821: result: a.out
configure:1826: checking whether the C compiler works
configure:1832: ./a.out
configure:1835: $? = 0
configure:1850: result: yes
configure:1857: checking whether we are cross compiling
configure:1859: result: no
configure:1862: checking for suffix of executables
configure:1864: gcc -o conftest    conftest.c  >&5
configure:1867: $? = 0
configure:1889: result: 
configure:1895: checking for suffix of object files
configure:1919: gcc -c   conftest.c >&5
configure:1922: $? = 0
configure:1941: result: o
configure:1945: checking whether we are using the GNU C compiler
configure:1972: gcc -c   conftest.c >&5
configure:1975: $? = 0
configure:1978: test -s conftest.o
configure:1981: $? = 0
configure:1993: result: yes
configure:1999: checking whether gcc accepts -g
configure:2023: gcc -c -g  conftest.c >&5
configure:2026: $? = 0
configure:2029: test -s conftest.o
configure:2032: $? = 0
configure:2042: result: yes
configure:2069: gcc -c   conftest.c >&5
conftest.c:2: error: syntax error before 'me'
configure:2072: $? = 1
configure: failed program was:
#ifndef __cplusplus
  choke me
#endif
configure:2234: checking for g++
configure:2250: found /usr/bin/g++
configure:2260: result: g++
configure:2276: checking for C++ compiler version
configure:2279: g++ --version </dev/null >&5
g++ (GCC) 4.0.2 20050901 (prerelease) (SUSE Linux)
Copyright (C) 2005 Free Software Foundation, Inc.
This is free software; see the source for copying conditions.  There is NO
warranty; not even for MERCHANTABILITY or FITNESS FOR A PARTICULAR PURPOSE.

configure:2282: $? = 0
configure:2284: g++ -v </dev/null >&5
Using built-in specs.
Target: i586-suse-linux
Configured with: ../configure --enable-threads=posix --prefix=/usr --with-local-prefix=/usr/local --infodir=/usr/share/info --mandir=/usr/share/man --libdir=/usr/lib --libexecdir=/usr/lib --enable-languages=c,c++,objc,f95,java,ada --disable-checking --with-gxx-include-dir=/usr/include/c++/4.0.2 --enable-java-awt=gtk --disable-libjava-multilib --with-slibdir=/lib --with-system-zlib --enable-shared --enable-__cxa_atexit --without-system-libunwind --host=i586-suse-linux
Thread model: posix
gcc version 4.0.2 20050901 (prerelease) (SUSE Linux)
configure:2287: $? = 0
configure:2289: g++ -V </dev/null >&5
g++: '-V' option must have argument
configure:2292: $? = 1
configure:2295: checking whether we are using the GNU C++ compiler
configure:2322: g++ -c   conftest.cc >&5
configure:2325: $? = 0
configure:2328: test -s conftest.o
configure:2331: $? = 0
configure:2343: result: yes
configure:2349: checking whether g++ accepts -g
configure:2373: g++ -c -g  conftest.cc >&5
configure:2376: $? = 0
configure:2379: test -s conftest.o
configure:2382: $? = 0
configure:2392: result: yes
configure:2438: g++ -c   conftest.cc >&5
configure:2441: $? = 0
configure:2444: test -s conftest.o
configure:2447: $? = 0
configure:2475: g++ -c   conftest.cc >&5
configure: In function 'int main()':
configure:2467: error: 'exit' was not declared in this scope
configure:2478: $? = 1
configure: failed program was:
#line 2456 "configure"
#include "confdefs.h"

#ifdef F77_DUMMY_MAIN
#  ifdef __cplusplus
     extern "C"
#  endif
   int F77_DUMMY_MAIN() { return 1; }
#endif
int
main ()
{
exit (42);
  ;
  return 0;
}
configure:2438: g++ -c   conftest.cc >&5
configure:2441: $? = 0
configure:2444: test -s conftest.o
configure:2447: $? = 0
configure:2475: g++ -c   conftest.cc >&5
configure:2478: $? = 0
configure:2481: test -s conftest.o
configure:2484: $? = 0
configure:2508: checking for nroff
configure:2526: found /usr/bin/nroff
configure:2538: result: /usr/bin/nroff
configure:2593: checking for htmldoc
configure:2626: result: no
configure:2672: checking for ranlib
configure:2688: found /usr/bin/ranlib
configure:2699: result: ranlib
configure:2713: checking for ar
configure:2731: found /usr/bin/ar
configure:2743: result: /usr/bin/ar
configure:2766: checking whether byte ordering is bigendian
configure:2796: gcc -c   conftest.c >&5
configure:2799: $? = 0
configure:2802: test -s conftest.o
configure:2805: $? = 0
configure:2832: gcc -c   conftest.c >&5
configure: In function 'main':
configure:2822: error: 'not' undeclared (first use in this function)
configure:2822: error: (Each undeclared identifier is reported only once
configure:2822: error: for each function it appears in.)
configure:2822: error: syntax error before 'big'
configure:2835: $? = 1
configure: failed program was:
#line 2808 "configure"
#include "confdefs.h"
#include <sys/types.h>
#include <sys/param.h>

#ifdef F77_DUMMY_MAIN
#  ifdef __cplusplus
     extern "C"
#  endif
   int F77_DUMMY_MAIN() { return 1; }
#endif
int
main ()
{
#if BYTE_ORDER != BIG_ENDIAN
 not big endian
#endif

  ;
  return 0;
}
configure:2949: result: no
configure:2974: checking how to run the C preprocessor
configure:3000: gcc -E  conftest.c
configure:3006: $? = 0
configure:3033: gcc -E  conftest.c
configure:3029:28: error: ac_nonexistent.h: No such file or directory
configure:3039: $? = 1
configure: failed program was:
#line 3028 "configure"
#include "confdefs.h"
#include <ac_nonexistent.h>
configure:3076: result: gcc -E
configure:3091: gcc -E  conftest.c
configure:3097: $? = 0
configure:3124: gcc -E  conftest.c
configure:3120:28: error: ac_nonexistent.h: No such file or directory
configure:3130: $? = 1
configure: failed program was:
#line 3119 "configure"
#include "confdefs.h"
#include <ac_nonexistent.h>
configure:3170: checking for ANSI C header files
configure:3184: gcc -E  conftest.c
configure:3190: $? = 0
configure:3277: gcc -o conftest    conftest.c  >&5
configure: In function 'main':
configure:3268: warning: incompatible implicit declaration of built-in function 'exit'
configure:3280: $? = 0
configure:3282: ./conftest
configure:3285: $? = 0
configure:3299: result: yes
configure:3323: checking for sys/types.h
configure:3336: gcc -c   conftest.c >&5
configure:3339: $? = 0
configure:3342: test -s conftest.o
configure:3345: $? = 0
configure:3355: result: yes
configure:3323: checking for sys/stat.h
configure:3336: gcc -c   conftest.c >&5
configure:3339: $? = 0
configure:3342: test -s conftest.o
configure:3345: $? = 0
configure:3355: result: yes
configure:3323: checking for stdlib.h
configure:3336: gcc -c   conftest.c >&5
configure:3339: $? = 0
configure:3342: test -s conftest.o
configure:3345: $? = 0
configure:3355: result: yes
configure:3323: checking for string.h
configure:3336: gcc -c   conftest.c >&5
configure:3339: $? = 0
configure:3342: test -s conftest.o
configure:3345: $? = 0
configure:3355: result: yes
configure:3323: checking for memory.h
configure:3336: gcc -c   conftest.c >&5
configure:3339: $? = 0
configure:3342: test -s conftest.o
configure:3345: $? = 0
configure:3355: result: yes
configure:3323: checking for strings.h
configure:3336: gcc -c   conftest.c >&5
configure:3339: $? = 0
configure:3342: test -s conftest.o
configure:3345: $? = 0
configure:3355: result: yes
configure:3323: checking for inttypes.h
configure:3336: gcc -c   conftest.c >&5
configure:3339: $? = 0
configure:3342: test -s conftest.o
configure:3345: $? = 0
configure:3355: result: yes
configure:3323: checking for stdint.h
configure:3336: gcc -c   conftest.c >&5
configure:3339: $? = 0
configure:3342: test -s conftest.o
configure:3345: $? = 0
configure:3355: result: yes
configure:3323: checking for unistd.h
configure:3336: gcc -c   conftest.c >&5
configure:3339: $? = 0
configure:3342: test -s conftest.o
configure:3345: $? = 0
configure:3355: result: yes
configure:3367: checking for short
configure:3394: gcc -c   conftest.c >&5
configure:3397: $? = 0
configure:3400: test -s conftest.o
configure:3403: $? = 0
configure:3413: result: yes
configure:3416: checking size of short
configure:3694: gcc -o conftest    conftest.c  >&5
configure:3697: $? = 0
configure:3699: ./conftest
configure:3702: $? = 0
configure:3722: result: 2
configure:3729: checking for int
configure:3756: gcc -c   conftest.c >&5
configure:3759: $? = 0
configure:3762: test -s conftest.o
configure:3765: $? = 0
configure:3775: result: yes
configure:3778: checking size of int
configure:4056: gcc -o conftest    conftest.c  >&5
configure:4059: $? = 0
configure:4061: ./conftest
configure:4064: $? = 0
configure:4084: result: 4
configure:4091: checking for long
configure:4118: gcc -c   conftest.c >&5
configure:4121: $? = 0
configure:4124: test -s conftest.o
configure:4127: $? = 0
configure:4137: result: yes
configure:4140: checking size of long
configure:4418: gcc -o conftest    conftest.c  >&5
configure:4421: $? = 0
configure:4423: ./conftest
configure:4426: $? = 0
configure:4446: result: 4
configure:4486: checking whether the compiler recognizes bool as a built-in type
configure:4527: g++ -c   conftest.cc >&5
configure:4530: $? = 0
configure:4533: test -s conftest.o
configure:4536: $? = 0
configure:4553: result: yes
configure:4568: checking for dirent.h that defines DIR
configure:4595: gcc -c   conftest.c >&5
configure:4598: $? = 0
configure:4601: test -s conftest.o
configure:4604: $? = 0
configure:4614: result: yes
configure:4627: checking for library containing opendir
configure:4660: gcc -o conftest    conftest.c  >&5
configure:4663: $? = 0
configure:4666: test -s conftest
configure:4669: $? = 0
configure:4728: result: none required
configure:4856: checking sys/select.h usability
configure:4865: gcc -c   conftest.c >&5
configure:4868: $? = 0
configure:4871: test -s conftest.o
configure:4874: $? = 0
configure:4883: result: yes
configure:4887: checking sys/select.h presence
configure:4894: gcc -E  conftest.c
configure:4900: $? = 0
configure:4918: result: yes
configure:4936: checking for sys/select.h
configure:4943: result: yes
configure:4965: checking sys/stdtypes.h usability
configure:4974: gcc -c   conftest.c >&5
configure:5002:26: error: sys/stdtypes.h: No such file or directory
configure:4977: $? = 1
configure: failed program was:
#line 4967 "configure"
#include "confdefs.h"
#include <stdio.h>
#if HAVE_SYS_TYPES_H
# include <sys/types.h>
#endif
#if HAVE_SYS_STAT_H
# include <sys/stat.h>
#endif
#if STDC_HEADERS
# include <stdlib.h>
# include <stddef.h>
#else
# if HAVE_STDLIB_H
#  include <stdlib.h>
# endif
#endif
#if HAVE_STRING_H
# if !STDC_HEADERS && HAVE_MEMORY_H
#  include <memory.h>
# endif
# include <string.h>
#endif
#if HAVE_STRINGS_H
# include <strings.h>
#endif
#if HAVE_INTTYPES_H
# include <inttypes.h>
#else
# if HAVE_STDINT_H
#  include <stdint.h>
# endif
#endif
#if HAVE_UNISTD_H
# include <unistd.h>
#endif
#include <sys/stdtypes.h>
configure:4992: result: no
configure:4996: checking sys/stdtypes.h presence
configure:5003: gcc -E  conftest.c
configure:4999:26: error: sys/stdtypes.h: No such file or directory
configure:5009: $? = 1
configure: failed program was:
#line 4998 "configure"
#include "confdefs.h"
#include <sys/stdtypes.h>
configure:5027: result: no
configure:5045: checking for sys/stdtypes.h
configure:5052: result: no
configure:5064: checking for scandir
configure:5107: gcc -o conftest    conftest.c  >&5
configure:5110: $? = 0
configure:5113: test -s conftest
configure:5116: $? = 0
configure:5126: result: yes
configure:5140: checking for vsnprintf
configure:5183: gcc -o conftest    conftest.c  >&5
configure:5155: warning: conflicting types for built-in function 'vsnprintf'
configure:5186: $? = 0
configure:5189: test -s conftest
configure:5192: $? = 0
configure:5202: result: yes
configure:5240: checking for snprintf
configure:5283: gcc -o conftest    conftest.c  >&5
configure:5255: warning: conflicting types for built-in function 'snprintf'
configure:5286: $? = 0
configure:5289: test -s conftest
configure:5292: $? = 0
configure:5302: result: yes
configure:5341: checking for strings.h
configure:5346: result: yes
configure:5455: checking for strcasecmp
configure:5498: gcc -o conftest    conftest.c  >&5
configure:5501: $? = 0
configure:5504: test -s conftest
configure:5507: $? = 0
configure:5517: result: yes
configure:5455: checking for strlcat
configure:5498: gcc -o conftest    conftest.c  >&5
/tmp/cc2levPz.o: In function `main':
conftest.c:(.text+0x22): undefined reference to `strlcat'
collect2: ld returned 1 exit status
configure:5501: $? = 1
configure: failed program was:
#line 5460 "configure"
#include "confdefs.h"
/* System header to define __stub macros and hopefully few prototypes,
    which can conflict with char strlcat (); below.  */
#include <assert.h>
/* Override any gcc2 internal prototype to avoid an error.  */
#ifdef __cplusplus
extern "C"
#endif
/* We use char because int might match the return type of a gcc2
   builtin and then its argument prototype would still apply.  */
char strlcat ();
char (*f) ();

#ifdef F77_DUMMY_MAIN
#  ifdef __cplusplus
     extern "C"
#  endif
   int F77_DUMMY_MAIN() { return 1; }
#endif
int
main ()
{
/* The GNU C library defines this for functions which it implements
    to always fail with ENOSYS.  Some functions are actually named
    something starting with __ and the normal name is an alias.  */
#if defined (__stub_strlcat) || defined (__stub___strlcat)
choke me
#else
f = strlcat;
#endif

  ;
  return 0;
}
configure:5517: result: no
configure:5455: checking for strlcpy
configure:5498: gcc -o conftest    conftest.c  >&5
/tmp/ccS4qkxI.o: In function `main':
conftest.c:(.text+0x22): undefined reference to `strlcpy'
collect2: ld returned 1 exit status
configure:5501: $? = 1
configure: failed program was:
#line 5460 "configure"
#include "confdefs.h"
/* System header to define __stub macros and hopefully few prototypes,
    which can conflict with char strlcpy (); below.  */
#include <assert.h>
/* Override any gcc2 internal prototype to avoid an error.  */
#ifdef __cplusplus
extern "C"
#endif
/* We use char because int might match the return type of a gcc2
   builtin and then its argument prototype would still apply.  */
char strlcpy ();
char (*f) ();

#ifdef F77_DUMMY_MAIN
#  ifdef __cplusplus
     extern "C"
#  endif
   int F77_DUMMY_MAIN() { return 1; }
#endif
int
main ()
{
/* The GNU C library defines this for functions which it implements
    to always fail with ENOSYS.  Some functions are actually named
    something starting with __ and the normal name is an alias.  */
#if defined (__stub_strlcpy) || defined (__stub___strlcpy)
choke me
#else
f = strlcpy;
#endif

  ;
  return 0;
}
configure:5517: result: no
configure:5528: checking for library containing pow
configure:5561: gcc -o conftest    conftest.c  >&5
configure:5543: warning: conflicting types for built-in function 'pow'
/tmp/ccISVnYQ.o: In function `main':
conftest.c:(.text+0x1d): undefined reference to `pow'
collect2: ld returned 1 exit status
configure:5564: $? = 1
configure: failed program was:
#line 5535 "configure"
#include "confdefs.h"

/* Override any gcc2 internal prototype to avoid an error.  */
#ifdef __cplusplus
extern "C"
#endif
/* We use char because int might match the return type of a gcc2
   builtin and then its argument prototype would still apply.  */
char pow ();
#ifdef F77_DUMMY_MAIN
#  ifdef __cplusplus
     extern "C"
#  endif
   int F77_DUMMY_MAIN() { return 1; }
#endif
int
main ()
{
pow ();
  ;
  return 0;
}
configure:5607: gcc -o conftest    conftest.c -lm   >&5
configure:5589: warning: conflicting types for built-in function 'pow'
configure:5610: $? = 0
configure:5613: test -s conftest
configure:5616: $? = 0
configure:5629: result: -lm
configure:5652: checking jpeglib.h usability
configure:5661: gcc -c   conftest.c >&5
configure:5664: $? = 0
configure:5667: test -s conftest.o
configure:5670: $? = 0
configure:5679: result: yes
configure:5683: checking jpeglib.h presence
configure:5690: gcc -E  conftest.c
configure:5696: $? = 0
configure:5714: result: yes
configure:5732: checking for jpeglib.h
configure:5739: result: yes
configure:5744: checking for jpeg_destroy_decompress in -ljpeg
configure:5777: gcc -o conftest    conftest.c -ljpeg  -lm  >&5
configure:5780: $? = 0
configure:5783: test -s conftest
configure:5786: $? = 0
configure:5797: result: yes
configure:5821: checking zlib.h usability
configure:5830: gcc -c   conftest.c >&5
configure:5833: $? = 0
configure:5836: test -s conftest.o
configure:5839: $? = 0
configure:5848: result: yes
configure:5852: checking zlib.h presence
configure:5859: gcc -E  conftest.c
configure:5865: $? = 0
configure:5883: result: yes
configure:5901: checking for zlib.h
configure:5908: result: yes
configure:5913: checking for gzopen in -lz
configure:5946: gcc -o conftest    conftest.c -lz  -lm  >&5
configure:5949: $? = 0
configure:5952: test -s conftest
configure:5955: $? = 0
configure:5966: result: yes
configure:5991: checking png.h usability
configure:6000: gcc -c   conftest.c >&5
configure:6003: $? = 0
configure:6006: test -s conftest.o
configure:6009: $? = 0
configure:6018: result: yes
configure:6022: checking png.h presence
configure:6029: gcc -E  conftest.c
configure:6035: $? = 0
configure:6053: result: yes
configure:6071: checking for png.h
configure:6078: result: yes
configure:6100: checking libpng/png.h usability
configure:6109: gcc -c   conftest.c >&5
configure:6112: $? = 0
configure:6115: test -s conftest.o
configure:6118: $? = 0
configure:6127: result: yes
configure:6131: checking libpng/png.h presence
configure:6138: gcc -E  conftest.c
configure:6144: $? = 0
configure:6162: result: yes
configure:6180: checking for libpng/png.h
configure:6187: result: yes
configure:6201: checking for png_read_rows in -lpng
configure:6234: gcc -o conftest    conftest.c -lpng  -lm  -lz >&5
configure:6237: $? = 0
configure:6240: test -s conftest
configure:6243: $? = 0
configure:6254: result: yes
configure:6268: checking for png_get_valid
configure:6312: gcc -o conftest    conftest.c -lpng -lm  -lz >&5
configure:6315: $? = 0
configure:6318: test -s conftest
configure:6321: $? = 0
configure:6331: result: yes
configure:6268: checking for png_set_tRNS_to_alpha
configure:6312: gcc -o conftest    conftest.c -lpng -lm  -lz >&5
configure:6315: $? = 0
configure:6318: test -s conftest
configure:6321: $? = 0
configure:6331: result: yes
configure:6875: checking for X
configure:7091: result: libraries /usr/X11R6/lib, headers /usr/X11R6/include
configure:7248: gcc -o conftest    conftest.c -lm   -L/usr/X11R6/lib -lX11 >&5
configure:7251: $? = 0
configure:7254: test -s conftest
configure:7257: $? = 0
configure:7395: checking for gethostbyname
configure:7438: gcc -o conftest    conftest.c -lm  >&5
configure:7441: $? = 0
configure:7444: test -s conftest
configure:7447: $? = 0
configure:7457: result: yes
configure:7590: checking for connect
configure:7633: gcc -o conftest    conftest.c -lm  >&5
configure:7636: $? = 0
configure:7639: test -s conftest
configure:7642: $? = 0
configure:7652: result: yes
configure:7718: checking for remove
configure:7761: gcc -o conftest    conftest.c -lm  >&5
configure:7764: $? = 0
configure:7767: test -s conftest
configure:7770: $? = 0
configure:7780: result: yes
configure:7846: checking for shmat
configure:7889: gcc -o conftest    conftest.c -lm  >&5
configure:7892: $? = 0
configure:7895: test -s conftest
configure:7898: $? = 0
configure:7908: result: yes
configure:7983: checking for IceConnectionNumber in -lICE
configure:8016: gcc -o conftest    -L/usr/X11R6/lib conftest.c -lICE  -lm  >&5
configure:8019: $? = 0
configure:8022: test -s conftest
configure:8025: $? = 0
configure:8036: result: yes
configure:8054: WARNING: Ignoring libraries " -lSM -lICE" requested by configure.
configure:8070: checking for library containing dlopen
configure:8103: gcc -o conftest  -I/usr/X11R6/include   -L/usr/X11R6/lib  conftest.c -lm  -lXext -lX11  >&5
configure:8106: $? = 0
configure:8109: test -s conftest
configure:8112: $? = 0
configure:8171: result: none required
configure:8188: checking GL/gl.h usability
configure:8197: gcc -c  -I/usr/X11R6/include  conftest.c >&5
configure:8200: $? = 0
configure:8203: test -s conftest.o
configure:8206: $? = 0
configure:8215: result: yes
configure:8219: checking GL/gl.h presence
configure:8226: gcc -E  -I/usr/X11R6/include conftest.c
configure:8232: $? = 0
configure:8250: result: yes
configure:8268: checking for GL/gl.h
configure:8275: result: yes
configure:8280: checking for glXMakeCurrent in -lGL
configure:8314: gcc -o conftest  -I/usr/X11R6/include   -L/usr/X11R6/lib  conftest.c -lGL 		    -lm -lm  -lXext -lX11  >&5
configure:8317: $? = 0
configure:8320: test -s conftest
configure:8323: $? = 0
configure:8334: result: yes
configure:8422: checking GL/glu.h usability
configure:8431: gcc -c  -I/usr/X11R6/include  conftest.c >&5
configure:8434: $? = 0
configure:8437: test -s conftest.o
configure:8440: $? = 0
configure:8449: result: yes
configure:8453: checking GL/glu.h presence
configure:8460: gcc -E  -I/usr/X11R6/include conftest.c
configure:8466: $? = 0
configure:8484: result: yes
configure:8502: checking for GL/glu.h
configure:8509: result: yes
configure:8770: checking for X overlay visuals
configure:8781: result: no
configure:8863: checking if libsupc++ is required
configure:8876: result: yes
configure:8918: checking if GCC supports -fno-exceptions
configure:8941: gcc -c  -I/usr/X11R6/include -fno-exceptions  conftest.c >&5
configure:8944: $? = 0
configure:8947: test -s conftest.o
configure:8950: $? = 0
configure:8953: result: yes
configure:9228: creating ./config.status

## ---------------------- ##
## Running config.status. ##
## ---------------------- ##

This file was extended by config.status, which was
generated by GNU Autoconf 2.53.  Invocation command line was

  CONFIG_FILES    = 
  CONFIG_HEADERS  = 
  CONFIG_LINKS    = 
  CONFIG_COMMANDS = 
  $ ./config.status 

on xray

config.status:606: creating makeinclude
config.status:606: creating fltk.list
config.status:606: creating fltk-config
config.status:606: creating FL/Makefile
config.status:709: creating config.h
config.status:865: config.h is unchanged

## ---------------- ##
## Cache variables. ##
## ---------------- ##

ac_cv_c_bigendian=no
ac_cv_c_compiler_gnu=yes
ac_cv_cxx_bool=yes
ac_cv_cxx_compiler_gnu=yes
ac_cv_env_CC_set=
ac_cv_env_CC_value=
ac_cv_env_CFLAGS_set=
ac_cv_env_CFLAGS_value=
ac_cv_env_CPPFLAGS_set=
ac_cv_env_CPPFLAGS_value=
ac_cv_env_CPP_set=
ac_cv_env_CPP_value=
ac_cv_env_CXXFLAGS_set=
ac_cv_env_CXXFLAGS_value=
ac_cv_env_CXX_set=
ac_cv_env_CXX_value=
ac_cv_env_LDFLAGS_set=
ac_cv_env_LDFLAGS_value=
ac_cv_env_build_alias_set=
ac_cv_env_build_alias_value=
ac_cv_env_host_alias_set=
ac_cv_env_host_alias_value=
ac_cv_env_target_alias_set=
ac_cv_env_target_alias_value=
ac_cv_exeext=
ac_cv_func_connect=yes
ac_cv_func_gethostbyname=yes
ac_cv_func_png_get_valid=yes
ac_cv_func_png_set_tRNS_to_alpha=yes
ac_cv_func_remove=yes
ac_cv_func_scandir=yes
ac_cv_func_shmat=yes
ac_cv_func_snprintf=yes
ac_cv_func_strcasecmp=yes
ac_cv_func_strlcat=no
ac_cv_func_strlcpy=no
ac_cv_func_vsnprintf=yes
ac_cv_have_overlay=no
ac_cv_have_x='have_x=yes 		ac_x_includes=/usr/X11R6/include ac_x_libraries=/usr/X11R6/lib'
ac_cv_header_GL_gl_h=yes
ac_cv_header_GL_glu_h=yes
ac_cv_header_dirent_dirent_h=yes
ac_cv_header_inttypes_h=yes
ac_cv_header_jpeglib_h=yes
ac_cv_header_libpng_png_h=yes
ac_cv_header_memory_h=yes
ac_cv_header_png_h=yes
ac_cv_header_stdc=yes
ac_cv_header_stdint_h=yes
ac_cv_header_stdlib_h=yes
ac_cv_header_string_h=yes
ac_cv_header_strings_h=yes
ac_cv_header_sys_select_h=yes
ac_cv_header_sys_stat_h=yes
ac_cv_header_sys_stdtypes_h=no
ac_cv_header_sys_types_h=yes
ac_cv_header_unistd_h=yes
ac_cv_header_zlib_h=yes
ac_cv_lib_GL_glXMakeCurrent=yes
ac_cv_lib_ICE_IceConnectionNumber=yes
ac_cv_lib_jpeg_jpeg_destroy_decompress=yes
ac_cv_lib_png_png_read_rows=yes
ac_cv_lib_z_gzopen=yes
ac_cv_objext=o
ac_cv_path_AR=/usr/bin/ar
ac_cv_path_NROFF=/usr/bin/nroff
ac_cv_prog_CPP='gcc -E'
ac_cv_prog_ac_ct_CC=gcc
ac_cv_prog_ac_ct_CXX=g++
ac_cv_prog_ac_ct_RANLIB=ranlib
ac_cv_prog_cc_g=yes
ac_cv_prog_cxx_g=yes
ac_cv_search_dlopen='none required'
ac_cv_search_opendir='none required'
ac_cv_search_pow=-lm
ac_cv_sizeof_int=4
ac_cv_sizeof_long=4
ac_cv_sizeof_short=2
ac_cv_type_int=yes
ac_cv_type_long=yes
ac_cv_type_short=yes

## ----------- ##
## confdefs.h. ##
## ----------- ##

#define PACKAGE_NAME ""
#define PACKAGE_TARNAME ""
#define PACKAGE_VERSION ""
#define PACKAGE_STRING ""
#define PACKAGE_BUGREPORT ""
#ifdef __cplusplus
#include <stdlib.h>
#endif
#define STDC_HEADERS 1
#define HAVE_SYS_TYPES_H 1
#define HAVE_SYS_STAT_H 1
#define HAVE_STDLIB_H 1
#define HAVE_STRING_H 1
#define HAVE_MEMORY_H 1
#define HAVE_STRINGS_H 1
#define HAVE_INTTYPES_H 1
#define HAVE_STDINT_H 1
#define HAVE_UNISTD_H 1
#define SIZEOF_SHORT 2
#define SIZEOF_INT 4
#define SIZEOF_LONG 4
#define U16 unsigned short
#define U32 unsigned
#define HAVE_DIRENT_H 1
#define HAVE_SYS_SELECT_H 1
#define HAVE_SCANDIR 1
#define HAVE_VSNPRINTF 1
#define HAVE_SNPRINTF 1
#define HAVE_STRINGS_H 1
#define HAVE_STRCASECMP 1
#define HAVE_LIBJPEG 1
#define HAVE_LIBZ 1
#define HAVE_PNG_H 1
#define HAVE_LIBPNG_PNG_H 1
#define HAVE_LIBPNG 1
#define HAVE_PNG_GET_VALID 1
#define HAVE_PNG_SET_TRNS_TO_ALPHA 1
#define HAVE_GL 1
#define HAVE_GL_GLU_H 1
#define FLTK_DOCDIR "/home/xray/chp/progs/CLUCalcSource/CLUfltk/share/doc/fltk"
#define FLTK_DATADIR "/home/xray/chp/progs/CLUCalcSource/CLUfltk/share/fltk"

configure: exit 0
