This file contains any messages produced by compilers while
running configure, to aid debugging if configure makes a mistake.

It was created by configure, which was
generated by GNU Autoconf 2.59.  Invocation command line was

  $ ./configure --prefix=/home/xray/chp/progs/CLUCalcSource

## --------- ##
## Platform. ##
## --------- ##

hostname = xray
uname -m = i686
uname -r = 2.6.13-15-smp
uname -s = Linux
uname -v = #1 SMP Tue Sep 13 14:56:15 UTC 2005

/usr/bin/uname -p = unknown
/bin/uname -X     = unknown

/bin/arch              = i686
/usr/bin/arch -k       = unknown
/usr/convex/getsysinfo = unknown
hostinfo               = unknown
/bin/machine           = unknown
/usr/bin/oslevel       = unknown
/bin/universe          = unknown

PATH: /usr/local/bin
PATH: /usr/bin
PATH: /usr/X11R6/bin
PATH: /bin
PATH: /usr/games
PATH: /opt/gnome/bin
PATH: /opt/kde3/bin
PATH: /usr/lib/mit/bin
PATH: /usr/lib/mit/sbin
PATH: /usr/lib/mit/bin
PATH: /usr/lib/mit/sbin


## ----------- ##
## Core tests. ##
## ----------- ##

configure:1541: checking for a BSD-compatible install
configure:1596: result: /usr/bin/install -c
configure:1607: checking whether build environment is sane
configure:1650: result: yes
configure:1715: checking for gawk
configure:1731: found /usr/bin/gawk
configure:1741: result: gawk
configure:1751: checking whether make sets $(MAKE)
configure:1771: result: yes
configure:2000: checking for g++
configure:2016: found /usr/bin/g++
configure:2026: result: g++
configure:2042: checking for C++ compiler version
configure:2045: g++ --version </dev/null >&5
g++ (GCC) 4.0.2 20050901 (prerelease) (SUSE Linux)
Copyright (C) 2005 Free Software Foundation, Inc.
This is free software; see the source for copying conditions.  There is NO
warranty; not even for MERCHANTABILITY or FITNESS FOR A PARTICULAR PURPOSE.

configure:2048: $? = 0
configure:2050: g++ -v </dev/null >&5
Using built-in specs.
Target: i586-suse-linux
Configured with: ../configure --enable-threads=posix --prefix=/usr --with-local-prefix=/usr/local --infodir=/usr/share/info --mandir=/usr/share/man --libdir=/usr/lib --libexecdir=/usr/lib --enable-languages=c,c++,objc,f95,java,ada --disable-checking --with-gxx-include-dir=/usr/include/c++/4.0.2 --enable-java-awt=gtk --disable-libjava-multilib --with-slibdir=/lib --with-system-zlib --enable-shared --enable-__cxa_atexit --without-system-libunwind --host=i586-suse-linux
Thread model: posix
gcc version 4.0.2 20050901 (prerelease) (SUSE Linux)
configure:2053: $? = 0
configure:2055: g++ -V </dev/null >&5
g++: '-V' option must have argument
configure:2058: $? = 1
configure:2081: checking for C++ compiler default output file name
configure:2084: g++ -D_GNUCPP3_ -O2 -DCLUDRAW_GLUT   conftest.cc  >&5
configure:2087: $? = 0
configure:2133: result: a.out
configure:2138: checking whether the C++ compiler works
configure:2144: ./a.out
configure:2147: $? = 0
configure:2164: result: yes
configure:2171: checking whether we are cross compiling
configure:2173: result: no
configure:2176: checking for suffix of executables
configure:2178: g++ -o conftest -D_GNUCPP3_ -O2 -DCLUDRAW_GLUT   conftest.cc  >&5
configure:2181: $? = 0
configure:2206: result: 
configure:2212: checking for suffix of object files
configure:2233: g++ -c -D_GNUCPP3_ -O2 -DCLUDRAW_GLUT  conftest.cc >&5
configure:2236: $? = 0
configure:2258: result: o
configure:2262: checking whether we are using the GNU C++ compiler
configure:2286: g++ -c -D_GNUCPP3_ -O2 -DCLUDRAW_GLUT  conftest.cc >&5
configure:2292: $? = 0
configure:2296: test -z 
			 || test ! -s conftest.err
configure:2299: $? = 0
configure:2302: test -s conftest.o
configure:2305: $? = 0
configure:2318: result: yes
configure:2324: checking whether g++ accepts -g
configure:2345: g++ -c -g  conftest.cc >&5
configure:2351: $? = 0
configure:2355: test -z 
			 || test ! -s conftest.err
configure:2358: $? = 0
configure:2361: test -s conftest.o
configure:2364: $? = 0
configure:2375: result: yes
configure:2417: g++ -c -D_GNUCPP3_ -O2 -DCLUDRAW_GLUT  conftest.cc >&5
configure:2423: $? = 0
configure:2427: test -z 
			 || test ! -s conftest.err
configure:2430: $? = 0
configure:2433: test -s conftest.o
configure:2436: $? = 0
configure:2462: g++ -c -D_GNUCPP3_ -O2 -DCLUDRAW_GLUT  conftest.cc >&5
conftest.cc: In function 'int main()':
conftest.cc:15: error: 'exit' was not declared in this scope
configure:2468: $? = 1
configure: failed program was:
| /* confdefs.h.  */
| 
| #define PACKAGE_NAME ""
| #define PACKAGE_TARNAME ""
| #define PACKAGE_VERSION ""
| #define PACKAGE_STRING ""
| #define PACKAGE_BUGREPORT ""
| #define PACKAGE "CLULibs"
| #define VERSION "2.3.0"
| /* end confdefs.h.  */
| 
| int
| main ()
| {
| exit (42);
|   ;
|   return 0;
| }
configure:2417: g++ -c -D_GNUCPP3_ -O2 -DCLUDRAW_GLUT  conftest.cc >&5
configure:2423: $? = 0
configure:2427: test -z 
			 || test ! -s conftest.err
configure:2430: $? = 0
configure:2433: test -s conftest.o
configure:2436: $? = 0
configure:2462: g++ -c -D_GNUCPP3_ -O2 -DCLUDRAW_GLUT  conftest.cc >&5
configure:2468: $? = 0
configure:2472: test -z 
			 || test ! -s conftest.err
configure:2475: $? = 0
configure:2478: test -s conftest.o
configure:2481: $? = 0
configure:2515: checking for style of include used by make
configure:2543: result: GNU
configure:2571: checking dependency style of g++
configure:2661: result: gcc3
configure:2724: checking for gcc
configure:2740: found /usr/bin/gcc
configure:2750: result: gcc
configure:2994: checking for C compiler version
configure:2997: gcc --version </dev/null >&5
gcc (GCC) 4.0.2 20050901 (prerelease) (SUSE Linux)
Copyright (C) 2005 Free Software Foundation, Inc.
This is free software; see the source for copying conditions.  There is NO
warranty; not even for MERCHANTABILITY or FITNESS FOR A PARTICULAR PURPOSE.

configure:3000: $? = 0
configure:3002: gcc -v </dev/null >&5
Using built-in specs.
Target: i586-suse-linux
Configured with: ../configure --enable-threads=posix --prefix=/usr --with-local-prefix=/usr/local --infodir=/usr/share/info --mandir=/usr/share/man --libdir=/usr/lib --libexecdir=/usr/lib --enable-languages=c,c++,objc,f95,java,ada --disable-checking --with-gxx-include-dir=/usr/include/c++/4.0.2 --enable-java-awt=gtk --disable-libjava-multilib --with-slibdir=/lib --with-system-zlib --enable-shared --enable-__cxa_atexit --without-system-libunwind --host=i586-suse-linux
Thread model: posix
gcc version 4.0.2 20050901 (prerelease) (SUSE Linux)
configure:3005: $? = 0
configure:3007: gcc -V </dev/null >&5
gcc: '-V' option must have argument
configure:3010: $? = 1
configure:3013: checking whether we are using the GNU C compiler
configure:3037: gcc -c   conftest.c >&5
configure:3043: $? = 0
configure:3047: test -z 
			 || test ! -s conftest.err
configure:3050: $? = 0
configure:3053: test -s conftest.o
configure:3056: $? = 0
configure:3069: result: yes
configure:3075: checking whether gcc accepts -g
configure:3096: gcc -c -g  conftest.c >&5
configure:3102: $? = 0
configure:3106: test -z 
			 || test ! -s conftest.err
configure:3109: $? = 0
configure:3112: test -s conftest.o
configure:3115: $? = 0
configure:3126: result: yes
configure:3143: checking for gcc option to accept ANSI C
configure:3213: gcc  -c -g -O2  conftest.c >&5
configure:3219: $? = 0
configure:3223: test -z 
			 || test ! -s conftest.err
configure:3226: $? = 0
configure:3229: test -s conftest.o
configure:3232: $? = 0
configure:3250: result: none needed
configure:3268: gcc -c -g -O2  conftest.c >&5
conftest.c:2: error: syntax error before 'me'
configure:3274: $? = 1
configure: failed program was:
| #ifndef __cplusplus
|   choke me
| #endif
configure:3409: checking dependency style of gcc
configure:3499: result: gcc3
configure:3521: checking how to run the C preprocessor
configure:3556: gcc -E  conftest.c
configure:3562: $? = 0
configure:3594: gcc -E  conftest.c
conftest.c:14:28: error: ac_nonexistent.h: No such file or directory
configure:3600: $? = 1
configure: failed program was:
| /* confdefs.h.  */
| 
| #define PACKAGE_NAME ""
| #define PACKAGE_TARNAME ""
| #define PACKAGE_VERSION ""
| #define PACKAGE_STRING ""
| #define PACKAGE_BUGREPORT ""
| #define PACKAGE "CLULibs"
| #define VERSION "2.3.0"
| #ifdef __cplusplus
| extern "C" void std::exit (int) throw (); using std::exit;
| #endif
| /* end confdefs.h.  */
| #include <ac_nonexistent.h>
configure:3639: result: gcc -E
configure:3663: gcc -E  conftest.c
configure:3669: $? = 0
configure:3701: gcc -E  conftest.c
conftest.c:14:28: error: ac_nonexistent.h: No such file or directory
configure:3707: $? = 1
configure: failed program was:
| /* confdefs.h.  */
| 
| #define PACKAGE_NAME ""
| #define PACKAGE_TARNAME ""
| #define PACKAGE_VERSION ""
| #define PACKAGE_STRING ""
| #define PACKAGE_BUGREPORT ""
| #define PACKAGE "CLULibs"
| #define VERSION "2.3.0"
| #ifdef __cplusplus
| extern "C" void std::exit (int) throw (); using std::exit;
| #endif
| /* end confdefs.h.  */
| #include <ac_nonexistent.h>
configure:3763: checking for a BSD-compatible install
configure:3818: result: /usr/bin/install -c
configure:3907: checking build system type
configure:3925: result: i686-suse-linux
configure:3933: checking host system type
configure:3947: result: i686-suse-linux
configure:3955: checking for a sed that does not truncate output
configure:4009: result: /usr/bin/sed
configure:4012: checking for egrep
configure:4022: result: grep -E
configure:4038: checking for ld used by gcc
configure:4105: result: /usr/i586-suse-linux/bin/ld
configure:4114: checking if the linker (/usr/i586-suse-linux/bin/ld) is GNU ld
configure:4129: result: yes
configure:4134: checking for /usr/i586-suse-linux/bin/ld option to reload object files
configure:4141: result: -r
configure:4159: checking for BSD-compatible nm
configure:4201: result: /usr/bin/nm -B
configure:4205: checking whether ln -s works
configure:4209: result: yes
configure:4216: checking how to recognise dependent libraries
configure:4388: result: pass_all
configure:4598: checking for ANSI C header files
configure:4623: gcc -c -g -O2  conftest.c >&5
configure:4629: $? = 0
configure:4633: test -z 
			 || test ! -s conftest.err
configure:4636: $? = 0
configure:4639: test -s conftest.o
configure:4642: $? = 0
configure:4731: gcc -o conftest -g -O2   conftest.c  >&5
conftest.c: In function 'main':
conftest.c:31: warning: incompatible implicit declaration of built-in function 'exit'
configure:4734: $? = 0
configure:4736: ./conftest
configure:4739: $? = 0
configure:4754: result: yes
configure:4778: checking for sys/types.h
configure:4794: gcc -c -g -O2  conftest.c >&5
configure:4800: $? = 0
configure:4804: test -z 
			 || test ! -s conftest.err
configure:4807: $? = 0
configure:4810: test -s conftest.o
configure:4813: $? = 0
configure:4824: result: yes
configure:4778: checking for sys/stat.h
configure:4794: gcc -c -g -O2  conftest.c >&5
configure:4800: $? = 0
configure:4804: test -z 
			 || test ! -s conftest.err
configure:4807: $? = 0
configure:4810: test -s conftest.o
configure:4813: $? = 0
configure:4824: result: yes
configure:4778: checking for stdlib.h
configure:4794: gcc -c -g -O2  conftest.c >&5
configure:4800: $? = 0
configure:4804: test -z 
			 || test ! -s conftest.err
configure:4807: $? = 0
configure:4810: test -s conftest.o
configure:4813: $? = 0
configure:4824: result: yes
configure:4778: checking for string.h
configure:4794: gcc -c -g -O2  conftest.c >&5
configure:4800: $? = 0
configure:4804: test -z 
			 || test ! -s conftest.err
configure:4807: $? = 0
configure:4810: test -s conftest.o
configure:4813: $? = 0
configure:4824: result: yes
configure:4778: checking for memory.h
configure:4794: gcc -c -g -O2  conftest.c >&5
configure:4800: $? = 0
configure:4804: test -z 
			 || test ! -s conftest.err
configure:4807: $? = 0
configure:4810: test -s conftest.o
configure:4813: $? = 0
configure:4824: result: yes
configure:4778: checking for strings.h
configure:4794: gcc -c -g -O2  conftest.c >&5
configure:4800: $? = 0
configure:4804: test -z 
			 || test ! -s conftest.err
configure:4807: $? = 0
configure:4810: test -s conftest.o
configure:4813: $? = 0
configure:4824: result: yes
configure:4778: checking for inttypes.h
configure:4794: gcc -c -g -O2  conftest.c >&5
configure:4800: $? = 0
configure:4804: test -z 
			 || test ! -s conftest.err
configure:4807: $? = 0
configure:4810: test -s conftest.o
configure:4813: $? = 0
configure:4824: result: yes
configure:4778: checking for stdint.h
configure:4794: gcc -c -g -O2  conftest.c >&5
configure:4800: $? = 0
configure:4804: test -z 
			 || test ! -s conftest.err
configure:4807: $? = 0
configure:4810: test -s conftest.o
configure:4813: $? = 0
configure:4824: result: yes
configure:4778: checking for unistd.h
configure:4794: gcc -c -g -O2  conftest.c >&5
configure:4800: $? = 0
configure:4804: test -z 
			 || test ! -s conftest.err
configure:4807: $? = 0
configure:4810: test -s conftest.o
configure:4813: $? = 0
configure:4824: result: yes
configure:4850: checking dlfcn.h usability
configure:4862: gcc -c -g -O2  conftest.c >&5
configure:4868: $? = 0
configure:4872: test -z 
			 || test ! -s conftest.err
configure:4875: $? = 0
configure:4878: test -s conftest.o
configure:4881: $? = 0
configure:4891: result: yes
configure:4895: checking dlfcn.h presence
configure:4905: gcc -E  conftest.c
configure:4911: $? = 0
configure:4931: result: yes
configure:4966: checking for dlfcn.h
configure:4973: result: yes
configure:4996: checking how to run the C++ preprocessor
configure:5027: g++ -E  conftest.cc
configure:5033: $? = 0
configure:5065: g++ -E  conftest.cc
conftest.cc:25:28: error: ac_nonexistent.h: No such file or directory
configure:5071: $? = 1
configure: failed program was:
| /* confdefs.h.  */
| 
| #define PACKAGE_NAME ""
| #define PACKAGE_TARNAME ""
| #define PACKAGE_VERSION ""
| #define PACKAGE_STRING ""
| #define PACKAGE_BUGREPORT ""
| #define PACKAGE "CLULibs"
| #define VERSION "2.3.0"
| #ifdef __cplusplus
| extern "C" void std::exit (int) throw (); using std::exit;
| #endif
| #define STDC_HEADERS 1
| #define HAVE_SYS_TYPES_H 1
| #define HAVE_SYS_STAT_H 1
| #define HAVE_STDLIB_H 1
| #define HAVE_STRING_H 1
| #define HAVE_MEMORY_H 1
| #define HAVE_STRINGS_H 1
| #define HAVE_INTTYPES_H 1
| #define HAVE_STDINT_H 1
| #define HAVE_UNISTD_H 1
| #define HAVE_DLFCN_H 1
| /* end confdefs.h.  */
| #include <ac_nonexistent.h>
configure:5110: result: g++ -E
configure:5134: g++ -E  conftest.cc
configure:5140: $? = 0
configure:5172: g++ -E  conftest.cc
conftest.cc:25:28: error: ac_nonexistent.h: No such file or directory
configure:5178: $? = 1
configure: failed program was:
| /* confdefs.h.  */
| 
| #define PACKAGE_NAME ""
| #define PACKAGE_TARNAME ""
| #define PACKAGE_VERSION ""
| #define PACKAGE_STRING ""
| #define PACKAGE_BUGREPORT ""
| #define PACKAGE "CLULibs"
| #define VERSION "2.3.0"
| #ifdef __cplusplus
| extern "C" void std::exit (int) throw (); using std::exit;
| #endif
| #define STDC_HEADERS 1
| #define HAVE_SYS_TYPES_H 1
| #define HAVE_SYS_STAT_H 1
| #define HAVE_STDLIB_H 1
| #define HAVE_STRING_H 1
| #define HAVE_MEMORY_H 1
| #define HAVE_STRINGS_H 1
| #define HAVE_INTTYPES_H 1
| #define HAVE_STDINT_H 1
| #define HAVE_UNISTD_H 1
| #define HAVE_DLFCN_H 1
| /* end confdefs.h.  */
| #include <ac_nonexistent.h>
configure:5275: checking for g77
configure:5304: result: no
configure:5275: checking for f77
configure:5304: result: no
configure:5275: checking for xlf
configure:5304: result: no
configure:5275: checking for frt
configure:5304: result: no
configure:5275: checking for pgf77
configure:5304: result: no
configure:5275: checking for fort77
configure:5304: result: no
configure:5275: checking for fl32
configure:5304: result: no
configure:5275: checking for af77
configure:5304: result: no
configure:5275: checking for f90
configure:5304: result: no
configure:5275: checking for xlf90
configure:5304: result: no
configure:5275: checking for pgf90
configure:5304: result: no
configure:5275: checking for epcf90
configure:5304: result: no
configure:5275: checking for f95
configure:5304: result: no
configure:5275: checking for fort
configure:5304: result: no
configure:5275: checking for xlf95
configure:5304: result: no
configure:5275: checking for ifc
configure:5304: result: no
configure:5275: checking for efc
configure:5304: result: no
configure:5275: checking for pgf95
configure:5304: result: no
configure:5275: checking for lf95
configure:5304: result: no
configure:5275: checking for gfortran
configure:5291: found /usr/bin/gfortran
configure:5301: result: gfortran
configure:5316: checking for Fortran 77 compiler version
configure:5319: gfortran --version </dev/null >&5
GNU Fortran 95 (GCC 4.0.2 20050901 (prerelease) (SUSE Linux))
Copyright (C) 2005 Free Software Foundation, Inc.

GNU Fortran comes with NO WARRANTY, to the extent permitted by law.
You may redistribute copies of GNU Fortran
under the terms of the GNU General Public License.
For more information about these matters, see the file named COPYING
configure:5322: $? = 0
configure:5324: gfortran -v </dev/null >&5
Using built-in specs.
Target: i586-suse-linux
Configured with: ../configure --enable-threads=posix --prefix=/usr --with-local-prefix=/usr/local --infodir=/usr/share/info --mandir=/usr/share/man --libdir=/usr/lib --libexecdir=/usr/lib --enable-languages=c,c++,objc,f95,java,ada --disable-checking --with-gxx-include-dir=/usr/include/c++/4.0.2 --enable-java-awt=gtk --disable-libjava-multilib --with-slibdir=/lib --with-system-zlib --enable-shared --enable-__cxa_atexit --without-system-libunwind --host=i586-suse-linux
Thread model: posix
gcc version 4.0.2 20050901 (prerelease) (SUSE Linux)
configure:5327: $? = 0
configure:5329: gfortran -V </dev/null >&5
gfortran: '-V' option must have argument
configure:5332: $? = 1
configure:5340: checking whether we are using the GNU Fortran 77 compiler
configure:5354: gfortran -c  conftest.F >&5
configure:5360: $? = 0
configure:5364: test -z 
			 || test ! -s conftest.err
configure:5367: $? = 0
configure:5370: test -s conftest.o
configure:5373: $? = 0
configure:5386: result: yes
configure:5392: checking whether gfortran accepts -g
configure:5404: gfortran -c -g conftest.f >&5
configure:5410: $? = 0
configure:5414: test -z 
			 || test ! -s conftest.err
configure:5417: $? = 0
configure:5420: test -s conftest.o
configure:5423: $? = 0
configure:5435: result: yes
configure:5465: checking the maximum length of command line arguments
configure:5557: result: 32768
configure:5568: checking command to parse /usr/bin/nm -B output from gcc object
configure:5664: gcc -c -g -O2  conftest.c >&5
configure:5667: $? = 0
configure:5671: /usr/bin/nm -B conftest.o \| sed -n -e 's/^.*[ 	]\([ABCDGIRSTW][ABCDGIRSTW]*\)[ 	][ 	]*\([_A-Za-z][_A-Za-z0-9]*\)$/\1 \2 \2/p' \> conftest.nm
configure:5674: $? = 0
configure:5726: gcc -o conftest -g -O2   conftest.c conftstm.o >&5
configure:5729: $? = 0
configure:5767: result: ok
configure:5771: checking for objdir
configure:5786: result: .libs
configure:5876: checking for ar
configure:5892: found /usr/bin/ar
configure:5903: result: ar
configure:5956: checking for ranlib
configure:5972: found /usr/bin/ranlib
configure:5983: result: ranlib
configure:6036: checking for strip
configure:6052: found /usr/bin/strip
configure:6063: result: strip
configure:6350: checking if gcc static flag  works
configure:6378: result: yes
configure:6396: checking if gcc supports -fno-rtti -fno-exceptions
configure:6414: gcc -c -g -O2  -fno-rtti -fno-exceptions conftest.c >&5
cc1: warning: command line option "-fno-rtti" is valid for C++/ObjC++ but not for C
configure:6418: $? = 0
configure:6431: result: no
configure:6446: checking for gcc option to produce PIC
configure:6650: result: -fPIC
configure:6658: checking if gcc PIC flag -fPIC works
configure:6676: gcc -c -g -O2  -fPIC -DPIC conftest.c >&5
configure:6680: $? = 0
configure:6693: result: yes
configure:6717: checking if gcc supports -c -o file.o
configure:6738: gcc -c -g -O2  -o out/conftest2.o conftest.c >&5
configure:6742: $? = 0
configure:6764: result: yes
configure:6790: checking whether the gcc linker (/usr/i586-suse-linux/bin/ld) supports shared libraries
configure:7686: result: yes
configure:7712: checking whether -lc should be explicitly linked in
configure:7717: gcc -c -g -O2  conftest.c >&5
configure:7720: $? = 0
configure:7734: gcc -shared conftest.o  -v -Wl,-soname -Wl,conftest -o conftest 2\>\&1 \| grep  -lc  \>/dev/null 2\>\&1
configure:7737: $? = 0
configure:7749: result: no
configure:7757: checking dynamic linker characteristics
configure:8303: result: GNU/Linux ld.so
configure:8307: checking how to hardcode library paths into programs
configure:8332: result: immediate
configure:8346: checking whether stripping libraries is possible
configure:8351: result: yes
configure:9181: checking if libtool supports shared libraries
configure:9183: result: yes
configure:9186: checking whether to build shared libraries
configure:9207: result: yes
configure:9210: checking whether to build static libraries
configure:9214: result: yes
configure:9306: creating libtool
configure:9884: checking for ld used by g++
configure:9951: result: /usr/i586-suse-linux/bin/ld
configure:9960: checking if the linker (/usr/i586-suse-linux/bin/ld) is GNU ld
configure:9975: result: yes
configure:10026: checking whether the g++ linker (/usr/i586-suse-linux/bin/ld) supports shared libraries
configure:10913: result: yes
configure:10931: g++ -c -D_GNUCPP3_ -O2 -DCLUDRAW_GLUT  conftest.cc >&5
configure:10934: $? = 0
configure:11030: checking for g++ option to produce PIC
configure:11298: result: -fPIC
configure:11306: checking if g++ PIC flag -fPIC works
configure:11324: g++ -c -D_GNUCPP3_ -O2 -DCLUDRAW_GLUT  -fPIC -DPIC conftest.cc >&5
configure:11328: $? = 0
configure:11341: result: yes
configure:11365: checking if g++ supports -c -o file.o
configure:11386: g++ -c -D_GNUCPP3_ -O2 -DCLUDRAW_GLUT  -o out/conftest2.o conftest.cc >&5
configure:11390: $? = 0
configure:11412: result: yes
configure:11438: checking whether the g++ linker (/usr/i586-suse-linux/bin/ld) supports shared libraries
configure:11463: result: yes
configure:11534: checking dynamic linker characteristics
configure:12080: result: GNU/Linux ld.so
configure:12084: checking how to hardcode library paths into programs
configure:12109: result: immediate
configure:12123: checking whether stripping libraries is possible
configure:12128: result: yes
configure:13464: checking if libtool supports shared libraries
configure:13466: result: yes
configure:13469: checking whether to build shared libraries
configure:13489: result: yes
configure:13492: checking whether to build static libraries
configure:13496: result: yes
configure:13508: checking for gfortran option to produce PIC
configure:13712: result: -fPIC
configure:13720: checking if gfortran PIC flag -fPIC works
configure:13738: gfortran -c -g -O2 -fPIC conftest.f >&5
configure:13742: $? = 0
configure:13755: result: yes
configure:13779: checking if gfortran supports -c -o file.o
configure:13800: gfortran -c -g -O2 -o out/conftest2.o conftest.f >&5
configure:13804: $? = 0
configure:13826: result: yes
configure:13852: checking whether the gfortran linker (/usr/i586-suse-linux/bin/ld) supports shared libraries
configure:14728: result: yes
configure:14799: checking dynamic linker characteristics
configure:15345: result: GNU/Linux ld.so
configure:15349: checking how to hardcode library paths into programs
configure:15374: result: immediate
configure:15388: checking whether stripping libraries is possible
configure:15393: result: yes
configure:19637: checking for ANSI C header files
configure:19793: result: yes
configure:19804: checking for an ANSI C-conforming const
configure:19871: gcc -c -g -O2  conftest.c >&5
configure:19877: $? = 0
configure:19881: test -z 
			 || test ! -s conftest.err
configure:19884: $? = 0
configure:19887: test -s conftest.o
configure:19890: $? = 0
configure:19901: result: yes
configure:19911: checking for inline
configure:19932: gcc -c -g -O2  conftest.c >&5
configure:19938: $? = 0
configure:19942: test -z 
			 || test ! -s conftest.err
configure:19945: $? = 0
configure:19948: test -s conftest.o
configure:19951: $? = 0
configure:19963: result: inline
configure:19982: checking for size_t
configure:20006: gcc -c -g -O2  conftest.c >&5
configure:20012: $? = 0
configure:20016: test -z 
			 || test ! -s conftest.err
configure:20019: $? = 0
configure:20022: test -s conftest.o
configure:20025: $? = 0
configure:20036: result: yes
configure:20050: checking whether gcc needs -traditional
configure:20092: result: no
configure:20100: checking for X
configure:20330: result: libraries /usr/X11R6/lib, headers /usr/X11R6/include
configure:20502: gcc -o conftest -g -O2   conftest.c   -L/usr/X11R6/lib -lX11 >&5
configure:20508: $? = 0
configure:20512: test -z 
			 || test ! -s conftest.err
configure:20515: $? = 0
configure:20518: test -s conftest
configure:20521: $? = 0
configure:20679: checking for gethostbyname
configure:20736: gcc -o conftest -g -O2   conftest.c  >&5
configure:20742: $? = 0
configure:20746: test -z 
			 || test ! -s conftest.err
configure:20749: $? = 0
configure:20752: test -s conftest
configure:20755: $? = 0
configure:20767: result: yes
configure:20918: checking for connect
configure:20975: gcc -o conftest -g -O2   conftest.c  >&5
configure:20981: $? = 0
configure:20985: test -z 
			 || test ! -s conftest.err
configure:20988: $? = 0
configure:20991: test -s conftest
configure:20994: $? = 0
configure:21006: result: yes
configure:21081: checking for remove
configure:21138: gcc -o conftest -g -O2   conftest.c  >&5
configure:21144: $? = 0
configure:21148: test -z 
			 || test ! -s conftest.err
configure:21151: $? = 0
configure:21154: test -s conftest
configure:21157: $? = 0
configure:21169: result: yes
configure:21244: checking for shmat
configure:21301: gcc -o conftest -g -O2   conftest.c  >&5
configure:21307: $? = 0
configure:21311: test -z 
			 || test ! -s conftest.err
configure:21314: $? = 0
configure:21317: test -s conftest
configure:21320: $? = 0
configure:21332: result: yes
configure:21416: checking for IceConnectionNumber in -lICE
configure:21446: gcc -o conftest -g -O2   -L/usr/X11R6/lib conftest.c -lICE   >&5
configure:21452: $? = 0
configure:21456: test -z 
			 || test ! -s conftest.err
configure:21459: $? = 0
configure:21462: test -s conftest
configure:21465: $? = 0
configure:21478: result: yes
configure:21498: checking for pkg-config
configure:21516: found /usr/bin/pkg-config
configure:21528: result: /usr/bin/pkg-config
configure:21630: checking for /usr/include/GL/gl.h
configure:21645: result: yes
configure:21652: checking for /usr/include/GL/glut.h
configure:21667: result: yes
configure:21849: creating ./config.status

## ---------------------- ##
## Running config.status. ##
## ---------------------- ##

This file was extended by config.status, which was
generated by GNU Autoconf 2.59.  Invocation command line was

  CONFIG_FILES    = 
  CONFIG_HEADERS  = 
  CONFIG_LINKS    = 
  CONFIG_COMMANDS = 
  $ ./config.status 

on xray

config.status:725: creating Makefile
config.status:725: creating CLU/Makefile
config.status:725: creating CLU/source/Makefile
config.status:725: creating CLUDraw/Makefile
config.status:725: creating CLUDraw/source/Makefile
config.status:725: creating CLUParse/Makefile
config.status:725: creating CLUParse/source/Makefile
config.status:725: creating cluproject.pc
config.status:908: executing depfiles commands

## ---------------- ##
## Cache variables. ##
## ---------------- ##

ac_cv_build=i686-suse-linux
ac_cv_build_alias=i686-suse-linux
ac_cv_c_compiler_gnu=yes
ac_cv_c_const=yes
ac_cv_c_inline=inline
ac_cv_cxx_compiler_gnu=yes
ac_cv_env_CC_set=
ac_cv_env_CC_value=
ac_cv_env_CFLAGS_set=
ac_cv_env_CFLAGS_value=
ac_cv_env_CPPFLAGS_set=
ac_cv_env_CPPFLAGS_value=
ac_cv_env_CPP_set=
ac_cv_env_CPP_value=
ac_cv_env_CXXCPP_set=
ac_cv_env_CXXCPP_value=
ac_cv_env_CXXFLAGS_set=
ac_cv_env_CXXFLAGS_value=
ac_cv_env_CXX_set=
ac_cv_env_CXX_value=
ac_cv_env_F77_set=
ac_cv_env_F77_value=
ac_cv_env_FFLAGS_set=
ac_cv_env_FFLAGS_value=
ac_cv_env_LDFLAGS_set=
ac_cv_env_LDFLAGS_value=
ac_cv_env_build_alias_set=
ac_cv_env_build_alias_value=
ac_cv_env_host_alias_set=
ac_cv_env_host_alias_value=
ac_cv_env_target_alias_set=
ac_cv_env_target_alias_value=
ac_cv_exeext=
ac_cv_f77_compiler_gnu=yes
ac_cv_file__usr_include_GL_gl_h=yes
ac_cv_file__usr_include_GL_glut_h=yes
ac_cv_func_connect=yes
ac_cv_func_gethostbyname=yes
ac_cv_func_remove=yes
ac_cv_func_shmat=yes
ac_cv_have_x='have_x=yes 		ac_x_includes=/usr/X11R6/include ac_x_libraries=/usr/X11R6/lib'
ac_cv_header_dlfcn_h=yes
ac_cv_header_inttypes_h=yes
ac_cv_header_memory_h=yes
ac_cv_header_stdc=yes
ac_cv_header_stdint_h=yes
ac_cv_header_stdlib_h=yes
ac_cv_header_string_h=yes
ac_cv_header_strings_h=yes
ac_cv_header_sys_stat_h=yes
ac_cv_header_sys_types_h=yes
ac_cv_header_unistd_h=yes
ac_cv_host=i686-suse-linux
ac_cv_host_alias=i686-suse-linux
ac_cv_lib_ICE_IceConnectionNumber=yes
ac_cv_objext=o
ac_cv_path_PKG_CONFIG=/usr/bin/pkg-config
ac_cv_path_install='/usr/bin/install -c'
ac_cv_prog_AWK=gawk
ac_cv_prog_CPP='gcc -E'
ac_cv_prog_CXXCPP='g++ -E'
ac_cv_prog_ac_ct_AR=ar
ac_cv_prog_ac_ct_CC=gcc
ac_cv_prog_ac_ct_CXX=g++
ac_cv_prog_ac_ct_F77=gfortran
ac_cv_prog_ac_ct_RANLIB=ranlib
ac_cv_prog_ac_ct_STRIP=strip
ac_cv_prog_cc_g=yes
ac_cv_prog_cc_stdc=
ac_cv_prog_cxx_g=yes
ac_cv_prog_egrep='grep -E'
ac_cv_prog_f77_g=yes
ac_cv_prog_gcc_traditional=no
ac_cv_prog_make_make_set=yes
ac_cv_type_size_t=yes
am_cv_CC_dependencies_compiler_type=gcc3
am_cv_CXX_dependencies_compiler_type=gcc3
lt_cv_deplibs_check_method=pass_all
lt_cv_file_magic_cmd='$MAGIC_CMD'
lt_cv_file_magic_test_file=
lt_cv_ld_reload_flag=-r
lt_cv_objdir=.libs
lt_cv_path_LD=/usr/i586-suse-linux/bin/ld
lt_cv_path_LDCXX=/usr/i586-suse-linux/bin/ld
lt_cv_path_NM='/usr/bin/nm -B'
lt_cv_path_SED=/usr/bin/sed
lt_cv_prog_compiler_c_o=yes
lt_cv_prog_compiler_c_o_CXX=yes
lt_cv_prog_compiler_c_o_F77=yes
lt_cv_prog_compiler_rtti_exceptions=no
lt_cv_prog_gnu_ld=yes
lt_cv_prog_gnu_ldcxx=yes
lt_cv_sys_global_symbol_pipe='sed -n -e '\''s/^.*[ 	]\([ABCDGIRSTW][ABCDGIRSTW]*\)[ 	][ 	]*\([_A-Za-z][_A-Za-z0-9]*\)$/\1 \2 \2/p'\'''
lt_cv_sys_global_symbol_to_c_name_address='sed -n -e '\''s/^: \([^ ]*\) $/  {\"\1\", (lt_ptr) 0},/p'\'' -e '\''s/^[BCDEGRST] \([^ ]*\) \([^ ]*\)$/  {"\2", (lt_ptr) \&\2},/p'\'''
lt_cv_sys_global_symbol_to_cdecl='sed -n -e '\''s/^. .* \(.*\)$/extern int \1;/p'\'''
lt_cv_sys_max_cmd_len=32768
lt_lt_cv_prog_compiler_c_o='"yes"'
lt_lt_cv_prog_compiler_c_o_CXX='"yes"'
lt_lt_cv_prog_compiler_c_o_F77='"yes"'
lt_lt_cv_sys_global_symbol_pipe='"sed -n -e '\''s/^.*[ 	]\\([ABCDGIRSTW][ABCDGIRSTW]*\\)[ 	][ 	]*\\([_A-Za-z][_A-Za-z0-9]*\\)\$/\\1 \\2 \\2/p'\''"'
lt_lt_cv_sys_global_symbol_to_c_name_address='"sed -n -e '\''s/^: \\([^ ]*\\) \$/  {\\\"\\1\\\", (lt_ptr) 0},/p'\'' -e '\''s/^[BCDEGRST] \\([^ ]*\\) \\([^ ]*\\)\$/  {\"\\2\", (lt_ptr) \\&\\2},/p'\''"'
lt_lt_cv_sys_global_symbol_to_cdecl='"sed -n -e '\''s/^. .* \\(.*\\)\$/extern int \\1;/p'\''"'

## ----------------- ##
## Output variables. ##
## ----------------- ##

ACLOCAL='${SHELL} /home/xray/chp/progs/CLUCalcSource/CLULibs-2.3.0/missing --run aclocal-1.9'
AMDEPBACKSLASH='\'
AMDEP_FALSE='#'
AMDEP_TRUE=''
AMTAR='${SHELL} /home/xray/chp/progs/CLUCalcSource/CLULibs-2.3.0/missing --run tar'
AR='ar'
AUTOCONF='${SHELL} /home/xray/chp/progs/CLUCalcSource/CLULibs-2.3.0/missing --run autoconf'
AUTOHEADER='${SHELL} /home/xray/chp/progs/CLUCalcSource/CLULibs-2.3.0/missing --run autoheader'
AUTOMAKE='${SHELL} /home/xray/chp/progs/CLUCalcSource/CLULibs-2.3.0/missing --run automake-1.9'
AWK='gawk'
CC='gcc'
CCDEPMODE='depmode=gcc3'
CFLAGS='-g -O2'
CLU_GLUT='/usr'
CLU_OPENGL='/usr'
CPP='gcc -E'
CPPFLAGS=''
CXX='g++'
CXXCPP='g++ -E'
CXXDEPMODE='depmode=gcc3'
CXXFLAGS='-D_GNUCPP3_ -O2 -DCLUDRAW_GLUT -I/home/xray/chp/progs/CLUCalcSource/CLUfltk/include -I/usr/X11R6/include -DCLUDRAW_FLTK'
CYGPATH_W='echo'
DEFS='-DPACKAGE_NAME=\"\" -DPACKAGE_TARNAME=\"\" -DPACKAGE_VERSION=\"\" -DPACKAGE_STRING=\"\" -DPACKAGE_BUGREPORT=\"\" -DPACKAGE=\"CLULibs\" -DVERSION=\"2.3.0\" -DSTDC_HEADERS=1 -DHAVE_SYS_TYPES_H=1 -DHAVE_SYS_STAT_H=1 -DHAVE_STDLIB_H=1 -DHAVE_STRING_H=1 -DHAVE_MEMORY_H=1 -DHAVE_STRINGS_H=1 -DHAVE_INTTYPES_H=1 -DHAVE_STDINT_H=1 -DHAVE_UNISTD_H=1 -DHAVE_DLFCN_H=1 -DSTDC_HEADERS=1 '
DEPDIR='.deps'
ECHO='echo'
ECHO_C=''
ECHO_N='-n'
ECHO_T=''
EGREP='grep -E'
EXEEXT=''
F77='gfortran'
FFLAGS='-g -O2'
FLTK_CXXFLAGS='-I/home/xray/chp/progs/CLUCalcSource/CLUfltk/include -I/usr/X11R6/include -DCLUDRAW_FLTK'
GLUT_CXXFLAGS='-DCLUDRAW_GLUT'
INSTALL_DATA='${INSTALL} -m 644'
INSTALL_PROGRAM='${INSTALL}'
INSTALL_SCRIPT='${INSTALL}'
INSTALL_STRIP_PROGRAM='${SHELL} $(install_sh) -c -s'
LDFLAGS=''
LIBOBJS=''
LIBS=''
LIBTOOL='$(SHELL) $(top_builddir)/libtool'
LN_S='ln -s'
LTLIBOBJS=''
MAKEINFO='${SHELL} /home/xray/chp/progs/CLUCalcSource/CLULibs-2.3.0/missing --run makeinfo'
OBJEXT='o'
PACKAGE='CLULibs'
PACKAGE_BUGREPORT=''
PACKAGE_NAME=''
PACKAGE_STRING=''
PACKAGE_TARNAME=''
PACKAGE_VERSION=''
PATH_SEPARATOR=':'
PKG_CONFIG='/usr/bin/pkg-config'
RANLIB='ranlib'
SET_MAKE=''
SHELL='/bin/sh'
STRIP='strip'
VERSION='2.3.0'
XML_CXXFLAGS='-I/usr/include/libxml2  '
XML_LIBS='-lxml2 -lz -lm  '
X_CFLAGS=' -I/usr/X11R6/include'
X_EXTRA_LIBS=''
X_LIBS=' -L/usr/X11R6/lib'
X_PRE_LIBS=' -lSM -lICE'
ac_ct_AR='ar'
ac_ct_CC='gcc'
ac_ct_CXX='g++'
ac_ct_F77='gfortran'
ac_ct_RANLIB='ranlib'
ac_ct_STRIP='strip'
am__fastdepCC_FALSE='#'
am__fastdepCC_TRUE=''
am__fastdepCXX_FALSE='#'
am__fastdepCXX_TRUE=''
am__include='include'
am__leading_dot='.'
am__quote=''
am__tar='${AMTAR} chof - "$$tardir"'
am__untar='${AMTAR} xf -'
bindir='${exec_prefix}/bin'
build='i686-suse-linux'
build_alias=''
build_cpu='i686'
build_os='linux'
build_vendor='suse'
datadir='${prefix}/share'
exec_prefix='${prefix}'
host='i686-suse-linux'
host_alias=''
host_cpu='i686'
host_os='linux'
host_vendor='suse'
includedir='${prefix}/include'
infodir='${prefix}/info'
install_sh='/home/xray/chp/progs/CLUCalcSource/CLULibs-2.3.0/install-sh'
libdir='${exec_prefix}/lib'
libexecdir='${exec_prefix}/libexec'
localstatedir='${prefix}/var'
mandir='${prefix}/man'
mkdir_p='mkdir -p --'
oldincludedir='/usr/include'
prefix='/home/xray/chp/progs/CLUCalcSource'
program_transform_name='s,x,x,'
sbindir='${exec_prefix}/sbin'
sharedstatedir='${prefix}/com'
sysconfdir='${prefix}/etc'
target_alias=''
x_libraries='/usr/X11R6/lib'

## ----------- ##
## confdefs.h. ##
## ----------- ##

#define HAVE_DLFCN_H 1
#define HAVE_INTTYPES_H 1
#define HAVE_MEMORY_H 1
#define HAVE_STDINT_H 1
#define HAVE_STDLIB_H 1
#define HAVE_STRINGS_H 1
#define HAVE_STRING_H 1
#define HAVE_SYS_STAT_H 1
#define HAVE_SYS_TYPES_H 1
#define HAVE_UNISTD_H 1
#define PACKAGE "CLULibs"
#define PACKAGE_BUGREPORT ""
#define PACKAGE_NAME ""
#define PACKAGE_STRING ""
#define PACKAGE_TARNAME ""
#define PACKAGE_VERSION ""
#define STDC_HEADERS 1
#define STDC_HEADERS 1
#define VERSION "2.3.0"
#endif
#ifdef __cplusplus
extern "C" void std::exit (int) throw (); using std::exit;

configure: exit 0

## ---------------------- ##
## Running config.status. ##
## ---------------------- ##

This file was extended by config.status, which was
generated by GNU Autoconf 2.59.  Invocation command line was

  CONFIG_FILES    = 
  CONFIG_HEADERS  = 
  CONFIG_LINKS    = 
  CONFIG_COMMANDS = 
  $ ./config.status CLUParse/source/Makefile depfiles

on xray

config.status:725: creating CLUParse/source/Makefile
config.status:908: executing depfiles commands
