This file contains any messages produced by compilers while
running configure, to aid debugging if configure makes a mistake.

It was created by configure, which was
generated by GNU Autoconf 2.59.  Invocation command line was

  $ ./configure --prefix=/home/xray/chp/progs/CLUCalcSource/CLUdevil

## --------- ##
## Platform. ##
## --------- ##

hostname = xray
uname -m = i686
uname -r = 2.6.13-15-smp
uname -s = Linux
uname -v = #1 SMP Tue Sep 13 14:56:15 UTC 2005

/usr/bin/uname -p = unknown
/bin/uname -X     = unknown

/bin/arch              = i686
/usr/bin/arch -k       = unknown
/usr/convex/getsysinfo = unknown
hostinfo               = unknown
/bin/machine           = unknown
/usr/bin/oslevel       = unknown
/bin/universe          = unknown

PATH: /usr/local/bin
PATH: /usr/bin
PATH: /usr/X11R6/bin
PATH: /bin
PATH: /usr/games
PATH: /opt/gnome/bin
PATH: /opt/kde3/bin
PATH: /usr/lib/mit/bin
PATH: /usr/lib/mit/sbin
PATH: /usr/lib/mit/bin
PATH: /usr/lib/mit/sbin


## ----------- ##
## Core tests. ##
## ----------- ##

configure:1589: checking build system type
configure:1607: result: i686-suse-linux
configure:1615: checking host system type
configure:1629: result: i686-suse-linux
configure:1637: checking target system type
configure:1651: result: i686-suse-linux
configure:1717: checking for gcc
configure:1733: found /usr/bin/gcc
configure:1743: result: gcc
configure:1987: checking for C compiler version
configure:1990: gcc --version </dev/null >&5
gcc (GCC) 4.0.2 20050901 (prerelease) (SUSE Linux)
Copyright (C) 2005 Free Software Foundation, Inc.
This is free software; see the source for copying conditions.  There is NO
warranty; not even for MERCHANTABILITY or FITNESS FOR A PARTICULAR PURPOSE.

configure:1993: $? = 0
configure:1995: gcc -v </dev/null >&5
Using built-in specs.
Target: i586-suse-linux
Configured with: ../configure --enable-threads=posix --prefix=/usr --with-local-prefix=/usr/local --infodir=/usr/share/info --mandir=/usr/share/man --libdir=/usr/lib --libexecdir=/usr/lib --enable-languages=c,c++,objc,f95,java,ada --disable-checking --with-gxx-include-dir=/usr/include/c++/4.0.2 --enable-java-awt=gtk --disable-libjava-multilib --with-slibdir=/lib --with-system-zlib --enable-shared --enable-__cxa_atexit --without-system-libunwind --host=i586-suse-linux
Thread model: posix
gcc version 4.0.2 20050901 (prerelease) (SUSE Linux)
configure:1998: $? = 0
configure:2000: gcc -V </dev/null >&5
gcc: '-V' option must have argument
configure:2003: $? = 1
configure:2026: checking for C compiler default output file name
configure:2029: gcc    conftest.c  >&5
configure:2032: $? = 0
configure:2078: result: a.out
configure:2083: checking whether the C compiler works
configure:2089: ./a.out
configure:2092: $? = 0
configure:2109: result: yes
configure:2116: checking whether we are cross compiling
configure:2118: result: no
configure:2121: checking for suffix of executables
configure:2123: gcc -o conftest    conftest.c  >&5
configure:2126: $? = 0
configure:2151: result: 
configure:2157: checking for suffix of object files
configure:2178: gcc -c   conftest.c >&5
configure:2181: $? = 0
configure:2203: result: o
configure:2207: checking whether we are using the GNU C compiler
configure:2231: gcc -c   conftest.c >&5
configure:2237: $? = 0
configure:2241: test -z 
			 || test ! -s conftest.err
configure:2244: $? = 0
configure:2247: test -s conftest.o
configure:2250: $? = 0
configure:2263: result: yes
configure:2269: checking whether gcc accepts -g
configure:2290: gcc -c -g  conftest.c >&5
configure:2296: $? = 0
configure:2300: test -z 
			 || test ! -s conftest.err
configure:2303: $? = 0
configure:2306: test -s conftest.o
configure:2309: $? = 0
configure:2320: result: yes
configure:2337: checking for gcc option to accept ANSI C
configure:2407: gcc  -c -g -O2  conftest.c >&5
configure:2413: $? = 0
configure:2417: test -z 
			 || test ! -s conftest.err
configure:2420: $? = 0
configure:2423: test -s conftest.o
configure:2426: $? = 0
configure:2444: result: none needed
configure:2462: gcc -c -g -O2  conftest.c >&5
conftest.c:2: error: syntax error before 'me'
configure:2468: $? = 1
configure: failed program was:
| #ifndef __cplusplus
|   choke me
| #endif
configure:2614: checking for a BSD-compatible install
configure:2669: result: /usr/bin/install -c
configure:2680: checking whether make sets $(MAKE)
configure:2700: result: yes
configure:2710: checking whether byte ordering is bigendian
configure:2737: gcc -c -g -O2  conftest.c >&5
configure:2743: $? = 0
configure:2747: test -z 
			 || test ! -s conftest.err
configure:2750: $? = 0
configure:2753: test -s conftest.o
configure:2756: $? = 0
configure:2780: gcc -c -g -O2  conftest.c >&5
conftest.c: In function 'main':
conftest.c:16: error: 'not' undeclared (first use in this function)
conftest.c:16: error: (Each undeclared identifier is reported only once
conftest.c:16: error: for each function it appears in.)
conftest.c:16: error: syntax error before 'big'
configure:2786: $? = 1
configure: failed program was:
| /* confdefs.h.  */
| 
| #define PACKAGE_NAME ""
| #define PACKAGE_TARNAME ""
| #define PACKAGE_VERSION ""
| #define PACKAGE_STRING ""
| #define PACKAGE_BUGREPORT ""
| /* end confdefs.h.  */
| #include <sys/types.h>
| #include <sys/param.h>
| 
| int
| main ()
| {
| #if BYTE_ORDER != BIG_ENDIAN
|  not big endian
| #endif
| 
|   ;
|   return 0;
| }
configure:2921: result: no
configure:2947: checking how to run the C preprocessor
configure:2982: gcc -E  conftest.c
configure:2988: $? = 0
configure:3020: gcc -E  conftest.c
conftest.c:9:28: error: ac_nonexistent.h: No such file or directory
configure:3026: $? = 1
configure: failed program was:
| /* confdefs.h.  */
| 
| #define PACKAGE_NAME ""
| #define PACKAGE_TARNAME ""
| #define PACKAGE_VERSION ""
| #define PACKAGE_STRING ""
| #define PACKAGE_BUGREPORT ""
| /* end confdefs.h.  */
| #include <ac_nonexistent.h>
configure:3065: result: gcc -E
configure:3089: gcc -E  conftest.c
configure:3095: $? = 0
configure:3127: gcc -E  conftest.c
conftest.c:9:28: error: ac_nonexistent.h: No such file or directory
configure:3133: $? = 1
configure: failed program was:
| /* confdefs.h.  */
| 
| #define PACKAGE_NAME ""
| #define PACKAGE_TARNAME ""
| #define PACKAGE_VERSION ""
| #define PACKAGE_STRING ""
| #define PACKAGE_BUGREPORT ""
| /* end confdefs.h.  */
| #include <ac_nonexistent.h>
configure:3177: checking for X
configure:3407: result: libraries /usr/X11R6/lib, headers /usr/X11R6/include
configure:3579: gcc -o conftest -g -O2   conftest.c   -L/usr/X11R6/lib -lX11 >&5
configure:3585: $? = 0
configure:3589: test -z 
			 || test ! -s conftest.err
configure:3592: $? = 0
configure:3595: test -s conftest
configure:3598: $? = 0
configure:3756: checking for gethostbyname
configure:3813: gcc -o conftest -g -O2   conftest.c  >&5
configure:3819: $? = 0
configure:3823: test -z 
			 || test ! -s conftest.err
configure:3826: $? = 0
configure:3829: test -s conftest
configure:3832: $? = 0
configure:3844: result: yes
configure:3995: checking for connect
configure:4052: gcc -o conftest -g -O2   conftest.c  >&5
configure:4058: $? = 0
configure:4062: test -z 
			 || test ! -s conftest.err
configure:4065: $? = 0
configure:4068: test -s conftest
configure:4071: $? = 0
configure:4083: result: yes
configure:4158: checking for remove
configure:4215: gcc -o conftest -g -O2   conftest.c  >&5
configure:4221: $? = 0
configure:4225: test -z 
			 || test ! -s conftest.err
configure:4228: $? = 0
configure:4231: test -s conftest
configure:4234: $? = 0
configure:4246: result: yes
configure:4321: checking for shmat
configure:4378: gcc -o conftest -g -O2   conftest.c  >&5
configure:4384: $? = 0
configure:4388: test -z 
			 || test ! -s conftest.err
configure:4391: $? = 0
configure:4394: test -s conftest
configure:4397: $? = 0
configure:4409: result: yes
configure:4493: checking for IceConnectionNumber in -lICE
configure:4523: gcc -o conftest -g -O2   -L/usr/X11R6/lib conftest.c -lICE   >&5
configure:4529: $? = 0
configure:4533: test -z 
			 || test ! -s conftest.err
configure:4536: $? = 0
configure:4539: test -s conftest
configure:4542: $? = 0
configure:4555: result: yes
configure:4567: checking whether build environment is sane
configure:4610: result: yes
configure:4675: checking for gawk
configure:4691: found /usr/bin/gawk
configure:4701: result: gawk
configure:4732: checking for style of include used by make
configure:4760: result: GNU
configure:4936: checking dependency style of gcc
configure:5026: result: gcc3
configure:5119: checking for a sed that does not truncate output
configure:5173: result: /usr/bin/sed
configure:5176: checking for egrep
configure:5186: result: grep -E
configure:5202: checking for ld used by gcc
configure:5269: result: /usr/i586-suse-linux/bin/ld
configure:5278: checking if the linker (/usr/i586-suse-linux/bin/ld) is GNU ld
configure:5293: result: yes
configure:5298: checking for /usr/i586-suse-linux/bin/ld option to reload object files
configure:5305: result: -r
configure:5314: checking for BSD-compatible nm
configure:5356: result: /usr/bin/nm -B
configure:5360: checking whether ln -s works
configure:5364: result: yes
configure:5371: checking how to recognise dependent libraries
configure:5572: result: pass_all
configure:6022: checking for ANSI C header files
configure:6047: gcc -c -g -O2  conftest.c >&5
configure:6053: $? = 0
configure:6057: test -z 
			 || test ! -s conftest.err
configure:6060: $? = 0
configure:6063: test -s conftest.o
configure:6066: $? = 0
configure:6155: gcc -o conftest -g -O2   conftest.c  >&5
conftest.c: In function 'main':
conftest.c:28: warning: incompatible implicit declaration of built-in function 'exit'
configure:6158: $? = 0
configure:6160: ./conftest
configure:6163: $? = 0
configure:6178: result: yes
configure:6202: checking for sys/types.h
configure:6218: gcc -c -g -O2  conftest.c >&5
configure:6224: $? = 0
configure:6228: test -z 
			 || test ! -s conftest.err
configure:6231: $? = 0
configure:6234: test -s conftest.o
configure:6237: $? = 0
configure:6248: result: yes
configure:6202: checking for sys/stat.h
configure:6218: gcc -c -g -O2  conftest.c >&5
configure:6224: $? = 0
configure:6228: test -z 
			 || test ! -s conftest.err
configure:6231: $? = 0
configure:6234: test -s conftest.o
configure:6237: $? = 0
configure:6248: result: yes
configure:6202: checking for stdlib.h
configure:6218: gcc -c -g -O2  conftest.c >&5
configure:6224: $? = 0
configure:6228: test -z 
			 || test ! -s conftest.err
configure:6231: $? = 0
configure:6234: test -s conftest.o
configure:6237: $? = 0
configure:6248: result: yes
configure:6202: checking for string.h
configure:6218: gcc -c -g -O2  conftest.c >&5
configure:6224: $? = 0
configure:6228: test -z 
			 || test ! -s conftest.err
configure:6231: $? = 0
configure:6234: test -s conftest.o
configure:6237: $? = 0
configure:6248: result: yes
configure:6202: checking for memory.h
configure:6218: gcc -c -g -O2  conftest.c >&5
configure:6224: $? = 0
configure:6228: test -z 
			 || test ! -s conftest.err
configure:6231: $? = 0
configure:6234: test -s conftest.o
configure:6237: $? = 0
configure:6248: result: yes
configure:6202: checking for strings.h
configure:6218: gcc -c -g -O2  conftest.c >&5
configure:6224: $? = 0
configure:6228: test -z 
			 || test ! -s conftest.err
configure:6231: $? = 0
configure:6234: test -s conftest.o
configure:6237: $? = 0
configure:6248: result: yes
configure:6202: checking for inttypes.h
configure:6218: gcc -c -g -O2  conftest.c >&5
configure:6224: $? = 0
configure:6228: test -z 
			 || test ! -s conftest.err
configure:6231: $? = 0
configure:6234: test -s conftest.o
configure:6237: $? = 0
configure:6248: result: yes
configure:6202: checking for stdint.h
configure:6218: gcc -c -g -O2  conftest.c >&5
configure:6224: $? = 0
configure:6228: test -z 
			 || test ! -s conftest.err
configure:6231: $? = 0
configure:6234: test -s conftest.o
configure:6237: $? = 0
configure:6248: result: yes
configure:6202: checking for unistd.h
configure:6218: gcc -c -g -O2  conftest.c >&5
configure:6224: $? = 0
configure:6228: test -z 
			 || test ! -s conftest.err
configure:6231: $? = 0
configure:6234: test -s conftest.o
configure:6237: $? = 0
configure:6248: result: yes
configure:6274: checking dlfcn.h usability
configure:6286: gcc -c -g -O2  conftest.c >&5
configure:6292: $? = 0
configure:6296: test -z 
			 || test ! -s conftest.err
configure:6299: $? = 0
configure:6302: test -s conftest.o
configure:6305: $? = 0
configure:6315: result: yes
configure:6319: checking dlfcn.h presence
configure:6329: gcc -E  conftest.c
configure:6335: $? = 0
configure:6355: result: yes
configure:6390: checking for dlfcn.h
configure:6397: result: yes
configure:6462: checking for g++
configure:6478: found /usr/bin/g++
configure:6488: result: g++
configure:6504: checking for C++ compiler version
configure:6507: g++ --version </dev/null >&5
g++ (GCC) 4.0.2 20050901 (prerelease) (SUSE Linux)
Copyright (C) 2005 Free Software Foundation, Inc.
This is free software; see the source for copying conditions.  There is NO
warranty; not even for MERCHANTABILITY or FITNESS FOR A PARTICULAR PURPOSE.

configure:6510: $? = 0
configure:6512: g++ -v </dev/null >&5
Using built-in specs.
Target: i586-suse-linux
Configured with: ../configure --enable-threads=posix --prefix=/usr --with-local-prefix=/usr/local --infodir=/usr/share/info --mandir=/usr/share/man --libdir=/usr/lib --libexecdir=/usr/lib --enable-languages=c,c++,objc,f95,java,ada --disable-checking --with-gxx-include-dir=/usr/include/c++/4.0.2 --enable-java-awt=gtk --disable-libjava-multilib --with-slibdir=/lib --with-system-zlib --enable-shared --enable-__cxa_atexit --without-system-libunwind --host=i586-suse-linux
Thread model: posix
gcc version 4.0.2 20050901 (prerelease) (SUSE Linux)
configure:6515: $? = 0
configure:6517: g++ -V </dev/null >&5
g++: '-V' option must have argument
configure:6520: $? = 1
configure:6523: checking whether we are using the GNU C++ compiler
configure:6547: g++ -c   conftest.cc >&5
configure:6553: $? = 0
configure:6557: test -z 
			 || test ! -s conftest.err
configure:6560: $? = 0
configure:6563: test -s conftest.o
configure:6566: $? = 0
configure:6579: result: yes
configure:6585: checking whether g++ accepts -g
configure:6606: g++ -c -g  conftest.cc >&5
configure:6612: $? = 0
configure:6616: test -z 
			 || test ! -s conftest.err
configure:6619: $? = 0
configure:6622: test -s conftest.o
configure:6625: $? = 0
configure:6636: result: yes
configure:6678: g++ -c -g -O2  conftest.cc >&5
configure:6684: $? = 0
configure:6688: test -z 
			 || test ! -s conftest.err
configure:6691: $? = 0
configure:6694: test -s conftest.o
configure:6697: $? = 0
configure:6723: g++ -c -g -O2  conftest.cc >&5
conftest.cc: In function 'int main()':
conftest.cc:26: error: 'exit' was not declared in this scope
configure:6729: $? = 1
configure: failed program was:
| /* confdefs.h.  */
| 
| #define PACKAGE_NAME ""
| #define PACKAGE_TARNAME ""
| #define PACKAGE_VERSION ""
| #define PACKAGE_STRING ""
| #define PACKAGE_BUGREPORT ""
| #define PACKAGE "DevIL"
| #define VERSION "1.6.7"
| #define STDC_HEADERS 1
| #define HAVE_SYS_TYPES_H 1
| #define HAVE_SYS_STAT_H 1
| #define HAVE_STDLIB_H 1
| #define HAVE_STRING_H 1
| #define HAVE_MEMORY_H 1
| #define HAVE_STRINGS_H 1
| #define HAVE_INTTYPES_H 1
| #define HAVE_STDINT_H 1
| #define HAVE_UNISTD_H 1
| #define HAVE_DLFCN_H 1
| /* end confdefs.h.  */
| 
| int
| main ()
| {
| exit (42);
|   ;
|   return 0;
| }
configure:6678: g++ -c -g -O2  conftest.cc >&5
configure:6684: $? = 0
configure:6688: test -z 
			 || test ! -s conftest.err
configure:6691: $? = 0
configure:6694: test -s conftest.o
configure:6697: $? = 0
configure:6723: g++ -c -g -O2  conftest.cc >&5
configure:6729: $? = 0
configure:6733: test -z 
			 || test ! -s conftest.err
configure:6736: $? = 0
configure:6739: test -s conftest.o
configure:6742: $? = 0
configure:6767: checking dependency style of g++
configure:6857: result: gcc3
configure:6879: checking how to run the C++ preprocessor
configure:6910: g++ -E  conftest.cc
configure:6916: $? = 0
configure:6948: g++ -E  conftest.cc
conftest.cc:25:28: error: ac_nonexistent.h: No such file or directory
configure:6954: $? = 1
configure: failed program was:
| /* confdefs.h.  */
| 
| #define PACKAGE_NAME ""
| #define PACKAGE_TARNAME ""
| #define PACKAGE_VERSION ""
| #define PACKAGE_STRING ""
| #define PACKAGE_BUGREPORT ""
| #define PACKAGE "DevIL"
| #define VERSION "1.6.7"
| #define STDC_HEADERS 1
| #define HAVE_SYS_TYPES_H 1
| #define HAVE_SYS_STAT_H 1
| #define HAVE_STDLIB_H 1
| #define HAVE_STRING_H 1
| #define HAVE_MEMORY_H 1
| #define HAVE_STRINGS_H 1
| #define HAVE_INTTYPES_H 1
| #define HAVE_STDINT_H 1
| #define HAVE_UNISTD_H 1
| #define HAVE_DLFCN_H 1
| #ifdef __cplusplus
| extern "C" void std::exit (int) throw (); using std::exit;
| #endif
| /* end confdefs.h.  */
| #include <ac_nonexistent.h>
configure:6993: result: g++ -E
configure:7017: g++ -E  conftest.cc
configure:7023: $? = 0
configure:7055: g++ -E  conftest.cc
conftest.cc:25:28: error: ac_nonexistent.h: No such file or directory
configure:7061: $? = 1
configure: failed program was:
| /* confdefs.h.  */
| 
| #define PACKAGE_NAME ""
| #define PACKAGE_TARNAME ""
| #define PACKAGE_VERSION ""
| #define PACKAGE_STRING ""
| #define PACKAGE_BUGREPORT ""
| #define PACKAGE "DevIL"
| #define VERSION "1.6.7"
| #define STDC_HEADERS 1
| #define HAVE_SYS_TYPES_H 1
| #define HAVE_SYS_STAT_H 1
| #define HAVE_STDLIB_H 1
| #define HAVE_STRING_H 1
| #define HAVE_MEMORY_H 1
| #define HAVE_STRINGS_H 1
| #define HAVE_INTTYPES_H 1
| #define HAVE_STDINT_H 1
| #define HAVE_UNISTD_H 1
| #define HAVE_DLFCN_H 1
| #ifdef __cplusplus
| extern "C" void std::exit (int) throw (); using std::exit;
| #endif
| /* end confdefs.h.  */
| #include <ac_nonexistent.h>
configure:7156: checking for g77
configure:7185: result: no
configure:7156: checking for f77
configure:7185: result: no
configure:7156: checking for xlf
configure:7185: result: no
configure:7156: checking for frt
configure:7185: result: no
configure:7156: checking for pgf77
configure:7185: result: no
configure:7156: checking for fort77
configure:7185: result: no
configure:7156: checking for fl32
configure:7185: result: no
configure:7156: checking for af77
configure:7185: result: no
configure:7156: checking for f90
configure:7185: result: no
configure:7156: checking for xlf90
configure:7185: result: no
configure:7156: checking for pgf90
configure:7185: result: no
configure:7156: checking for epcf90
configure:7185: result: no
configure:7156: checking for f95
configure:7185: result: no
configure:7156: checking for fort
configure:7185: result: no
configure:7156: checking for xlf95
configure:7185: result: no
configure:7156: checking for ifc
configure:7185: result: no
configure:7156: checking for efc
configure:7185: result: no
configure:7156: checking for pgf95
configure:7185: result: no
configure:7156: checking for lf95
configure:7185: result: no
configure:7156: checking for gfortran
configure:7172: found /usr/bin/gfortran
configure:7182: result: gfortran
configure:7197: checking for Fortran 77 compiler version
configure:7200: gfortran --version </dev/null >&5
GNU Fortran 95 (GCC 4.0.2 20050901 (prerelease) (SUSE Linux))
Copyright (C) 2005 Free Software Foundation, Inc.

GNU Fortran comes with NO WARRANTY, to the extent permitted by law.
You may redistribute copies of GNU Fortran
under the terms of the GNU General Public License.
For more information about these matters, see the file named COPYING
configure:7203: $? = 0
configure:7205: gfortran -v </dev/null >&5
Using built-in specs.
Target: i586-suse-linux
Configured with: ../configure --enable-threads=posix --prefix=/usr --with-local-prefix=/usr/local --infodir=/usr/share/info --mandir=/usr/share/man --libdir=/usr/lib --libexecdir=/usr/lib --enable-languages=c,c++,objc,f95,java,ada --disable-checking --with-gxx-include-dir=/usr/include/c++/4.0.2 --enable-java-awt=gtk --disable-libjava-multilib --with-slibdir=/lib --with-system-zlib --enable-shared --enable-__cxa_atexit --without-system-libunwind --host=i586-suse-linux
Thread model: posix
gcc version 4.0.2 20050901 (prerelease) (SUSE Linux)
configure:7208: $? = 0
configure:7210: gfortran -V </dev/null >&5
gfortran: '-V' option must have argument
configure:7213: $? = 1
configure:7221: checking whether we are using the GNU Fortran 77 compiler
configure:7235: gfortran -c  conftest.F >&5
configure:7241: $? = 0
configure:7245: test -z 
			 || test ! -s conftest.err
configure:7248: $? = 0
configure:7251: test -s conftest.o
configure:7254: $? = 0
configure:7267: result: yes
configure:7273: checking whether gfortran accepts -g
configure:7285: gfortran -c -g conftest.f >&5
configure:7291: $? = 0
configure:7295: test -z 
			 || test ! -s conftest.err
configure:7298: $? = 0
configure:7301: test -s conftest.o
configure:7304: $? = 0
configure:7316: result: yes
configure:7346: checking the maximum length of command line arguments
configure:7405: result: 32768
configure:7416: checking command to parse /usr/bin/nm -B output from gcc object
configure:7505: gcc -c -g -O2  conftest.c >&5
configure:7508: $? = 0
configure:7512: /usr/bin/nm -B conftest.o \| sed -n -e 's/^.*[ 	]\([ABCDGISTW][ABCDGISTW]*\)[ 	][ 	]*\(\)\([_A-Za-z][_A-Za-z0-9]*\)$/\1 \2\3 \3/p' \> conftest.nm
configure:7515: $? = 0
configure:7567: gcc -o conftest -g -O2   conftest.c conftstm.o >&5
configure:7570: $? = 0
configure:7608: result: ok
configure:7612: checking for objdir
configure:7627: result: .libs
configure:7717: checking for ar
configure:7733: found /usr/bin/ar
configure:7744: result: ar
configure:7797: checking for ranlib
configure:7813: found /usr/bin/ranlib
configure:7824: result: ranlib
configure:7877: checking for strip
configure:7893: found /usr/bin/strip
configure:7904: result: strip
configure:8166: checking if gcc static flag  works
configure:8189: result: yes
configure:8210: checking if gcc supports -fno-rtti -fno-exceptions
configure:8228: gcc -c -g -O2  -fno-rtti -fno-exceptions conftest.c >&5
cc1: warning: command line option "-fno-rtti" is valid for C++/ObjC++ but not for C
configure:8232: $? = 0
configure:8243: result: no
configure:8258: checking for gcc option to produce PIC
configure:8435: result: -fPIC
configure:8442: checking if gcc PIC flag -fPIC works
configure:8460: gcc -c -g -O2  -fPIC -DPIC conftest.c >&5
configure:8464: $? = 0
configure:8475: result: yes
configure:8499: checking if gcc supports -c -o file.o
configure:8527: gcc -c -g -O2  -o out/conftest2.o conftest.c >&5
configure:8531: $? = 0
configure:8548: result: yes
configure:8574: checking whether the gcc linker (/usr/i586-suse-linux/bin/ld) supports shared libraries
configure:9388: result: yes
configure:9414: checking whether -lc should be explicitly linked in
configure:9419: gcc -c -g -O2  conftest.c >&5
configure:9422: $? = 0
configure:9436: gcc -shared conftest.o  -v -Wl,-soname -Wl,conftest -o conftest 2\>\&1 \| grep  -lc  \>/dev/null 2\>\&1
configure:9439: $? = 0
configure:9451: result: no
configure:9459: checking how to hardcode library paths into programs
configure:9484: result: immediate
configure:9498: checking whether stripping libraries is possible
configure:9503: result: yes
configure:9525: checking dynamic linker characteristics
configure:10038: result: GNU/Linux ld.so
configure:10850: checking if libtool supports shared libraries
configure:10852: result: yes
configure:10855: checking whether to build shared libraries
configure:10904: result: yes
configure:10907: checking whether to build static libraries
configure:10911: result: no
configure:11002: creating libtool
configure:11546: checking for ld used by g++
configure:11613: result: /usr/i586-suse-linux/bin/ld
configure:11622: checking if the linker (/usr/i586-suse-linux/bin/ld) is GNU ld
configure:11637: result: yes
configure:11688: checking whether the g++ linker (/usr/i586-suse-linux/bin/ld) supports shared libraries
configure:12503: result: yes
configure:12525: g++ -c -g -O2  conftest.cc >&5
configure:12528: $? = 0
configure:12624: checking for g++ option to produce PIC
configure:12876: result: -fPIC
configure:12883: checking if g++ PIC flag -fPIC works
configure:12901: g++ -c -g -O2  -fPIC -DPIC conftest.cc >&5
configure:12905: $? = 0
configure:12916: result: yes
configure:12940: checking if g++ supports -c -o file.o
configure:12968: g++ -c -g -O2  -o out/conftest2.o conftest.cc >&5
configure:12972: $? = 0
configure:12989: result: yes
configure:13015: checking whether the g++ linker (/usr/i586-suse-linux/bin/ld) supports shared libraries
configure:13040: result: yes
configure:13111: checking how to hardcode library paths into programs
configure:13136: result: immediate
configure:13150: checking whether stripping libraries is possible
configure:13155: result: yes
configure:13177: checking dynamic linker characteristics
configure:13690: result: GNU/Linux ld.so
configure:14975: checking if libtool supports shared libraries
configure:14977: result: yes
configure:14980: checking whether to build shared libraries
configure:14998: result: yes
configure:15001: checking whether to build static libraries
configure:15005: result: no
configure:15017: checking for gfortran option to produce PIC
configure:15194: result: -fPIC
configure:15201: checking if gfortran PIC flag -fPIC works
configure:15219: gfortran -c -g -O2 -fPIC conftest.f >&5
configure:15223: $? = 0
configure:15234: result: yes
configure:15258: checking if gfortran supports -c -o file.o
configure:15286: gfortran -c -g -O2 -o out/conftest2.o conftest.f >&5
configure:15290: $? = 0
configure:15307: result: yes
configure:15333: checking whether the gfortran linker (/usr/i586-suse-linux/bin/ld) supports shared libraries
configure:16127: result: yes
configure:16198: checking how to hardcode library paths into programs
configure:16223: result: immediate
configure:16237: checking whether stripping libraries is possible
configure:16242: result: yes
configure:16264: checking dynamic linker characteristics
configure:16777: result: GNU/Linux ld.so
configure:20777: checking whether to enable maintainer-specific portions of Makefiles
configure:20786: result: no
configure:20803: checking Altivec
configure:20814: gcc -c -force_cpusubtype_ALL  conftest.c >&5
cc1: error: unrecognized command line option "-force_cpusubtype_ALL"
configure:20820: $? = 1
configure: failed program was:
| 
| int main() {
| 	asm("vspltisw v0,0");
| }
configure:20844: result: no
configure:20850: checking Altivec gcc extension
configure:20863: gcc -c -faltivec  conftest.c >&5
cc1: error: unrecognized command line option "-faltivec"
configure:20869: $? = 1
configure: failed program was:
| 
| int main() {
| 	vector unsigned int vec;
| 	vec = vec_splat_u32(0);
| 	return 0;
| }
configure:20893: result: no
configure:21404: checking jpeglib.h usability
configure:21416: gcc -c -Wall -funroll-loops -ffast-math -fomit-frame-pointer -fexpensive-optimizations -g -O2  -I/usr/X11R6/include conftest.c >&5
configure:21422: $? = 0
configure:21426: test -z 
			 || test ! -s conftest.err
configure:21429: $? = 0
configure:21432: test -s conftest.o
configure:21435: $? = 0
configure:21445: result: yes
configure:21449: checking jpeglib.h presence
configure:21459: gcc -E  -I/usr/X11R6/include conftest.c
configure:21465: $? = 0
configure:21485: result: yes
configure:21520: checking for jpeglib.h
configure:21527: result: yes
configure:21548: checking tiffio.h usability
configure:21560: gcc -c -Wall -funroll-loops -ffast-math -fomit-frame-pointer -fexpensive-optimizations -g -O2  -I/usr/X11R6/include conftest.c >&5
configure:21566: $? = 0
configure:21570: test -z 
			 || test ! -s conftest.err
configure:21573: $? = 0
configure:21576: test -s conftest.o
configure:21579: $? = 0
configure:21589: result: yes
configure:21593: checking tiffio.h presence
configure:21603: gcc -E  -I/usr/X11R6/include conftest.c
configure:21609: $? = 0
configure:21629: result: yes
configure:21664: checking for tiffio.h
configure:21671: result: yes
configure:21692: checking png.h usability
configure:21704: gcc -c -Wall -funroll-loops -ffast-math -fomit-frame-pointer -fexpensive-optimizations -g -O2  -I/usr/X11R6/include conftest.c >&5
configure:21710: $? = 0
configure:21714: test -z 
			 || test ! -s conftest.err
configure:21717: $? = 0
configure:21720: test -s conftest.o
configure:21723: $? = 0
configure:21733: result: yes
configure:21737: checking png.h presence
configure:21747: gcc -E  -I/usr/X11R6/include conftest.c
configure:21753: $? = 0
configure:21773: result: yes
configure:21808: checking for png.h
configure:21815: result: yes
configure:21836: checking lcms/lcms.h usability
configure:21848: gcc -c -Wall -funroll-loops -ffast-math -fomit-frame-pointer -fexpensive-optimizations -g -O2  -I/usr/X11R6/include conftest.c >&5
conftest.c:59:23: error: lcms/lcms.h: No such file or directory
configure:21854: $? = 1
configure: failed program was:
| /* confdefs.h.  */
| 
| #define PACKAGE_NAME ""
| #define PACKAGE_TARNAME ""
| #define PACKAGE_VERSION ""
| #define PACKAGE_STRING ""
| #define PACKAGE_BUGREPORT ""
| #define PACKAGE "DevIL"
| #define VERSION "1.6.7"
| #define STDC_HEADERS 1
| #define HAVE_SYS_TYPES_H 1
| #define HAVE_SYS_STAT_H 1
| #define HAVE_STDLIB_H 1
| #define HAVE_STRING_H 1
| #define HAVE_MEMORY_H 1
| #define HAVE_STRINGS_H 1
| #define HAVE_INTTYPES_H 1
| #define HAVE_STDINT_H 1
| #define HAVE_UNISTD_H 1
| #define HAVE_DLFCN_H 1
| #ifdef __cplusplus
| extern "C" void std::exit (int) throw (); using std::exit;
| #endif
| /* end confdefs.h.  */
| #include <stdio.h>
| #if HAVE_SYS_TYPES_H
| # include <sys/types.h>
| #endif
| #if HAVE_SYS_STAT_H
| # include <sys/stat.h>
| #endif
| #if STDC_HEADERS
| # include <stdlib.h>
| # include <stddef.h>
| #else
| # if HAVE_STDLIB_H
| #  include <stdlib.h>
| # endif
| #endif
| #if HAVE_STRING_H
| # if !STDC_HEADERS && HAVE_MEMORY_H
| #  include <memory.h>
| # endif
| # include <string.h>
| #endif
| #if HAVE_STRINGS_H
| # include <strings.h>
| #endif
| #if HAVE_INTTYPES_H
| # include <inttypes.h>
| #else
| # if HAVE_STDINT_H
| #  include <stdint.h>
| # endif
| #endif
| #if HAVE_UNISTD_H
| # include <unistd.h>
| #endif
| #include <lcms/lcms.h>
configure:21877: result: no
configure:21881: checking lcms/lcms.h presence
configure:21891: gcc -E  -I/usr/X11R6/include conftest.c
conftest.c:25:23: error: lcms/lcms.h: No such file or directory
configure:21897: $? = 1
configure: failed program was:
| /* confdefs.h.  */
| 
| #define PACKAGE_NAME ""
| #define PACKAGE_TARNAME ""
| #define PACKAGE_VERSION ""
| #define PACKAGE_STRING ""
| #define PACKAGE_BUGREPORT ""
| #define PACKAGE "DevIL"
| #define VERSION "1.6.7"
| #define STDC_HEADERS 1
| #define HAVE_SYS_TYPES_H 1
| #define HAVE_SYS_STAT_H 1
| #define HAVE_STDLIB_H 1
| #define HAVE_STRING_H 1
| #define HAVE_MEMORY_H 1
| #define HAVE_STRINGS_H 1
| #define HAVE_INTTYPES_H 1
| #define HAVE_STDINT_H 1
| #define HAVE_UNISTD_H 1
| #define HAVE_DLFCN_H 1
| #ifdef __cplusplus
| extern "C" void std::exit (int) throw (); using std::exit;
| #endif
| /* end confdefs.h.  */
| #include <lcms/lcms.h>
configure:21917: result: no
configure:21952: checking for lcms/lcms.h
configure:21959: result: no
configure:21980: checking libmng.h usability
configure:21992: gcc -c -Wall -funroll-loops -ffast-math -fomit-frame-pointer -fexpensive-optimizations -g -O2  -I/usr/X11R6/include conftest.c >&5
configure:21998: $? = 0
configure:22002: test -z 
			 || test ! -s conftest.err
configure:22005: $? = 0
configure:22008: test -s conftest.o
configure:22011: $? = 0
configure:22021: result: yes
configure:22025: checking libmng.h presence
configure:22035: gcc -E  -I/usr/X11R6/include conftest.c
configure:22041: $? = 0
configure:22061: result: yes
configure:22096: checking for libmng.h
configure:22103: result: yes
configure:22124: checking GL/gl.h usability
configure:22136: gcc -c -Wall -funroll-loops -ffast-math -fomit-frame-pointer -fexpensive-optimizations -g -O2  -I/usr/X11R6/include conftest.c >&5
configure:22142: $? = 0
configure:22146: test -z 
			 || test ! -s conftest.err
configure:22149: $? = 0
configure:22152: test -s conftest.o
configure:22155: $? = 0
configure:22165: result: yes
configure:22169: checking GL/gl.h presence
configure:22179: gcc -E  -I/usr/X11R6/include conftest.c
configure:22185: $? = 0
configure:22205: result: yes
configure:22240: checking for GL/gl.h
configure:22247: result: yes
configure:22268: checking d3d8.h usability
configure:22280: gcc -c -Wall -funroll-loops -ffast-math -fomit-frame-pointer -fexpensive-optimizations -g -O2  -I/usr/X11R6/include conftest.c >&5
conftest.c:59:18: error: d3d8.h: No such file or directory
configure:22286: $? = 1
configure: failed program was:
| /* confdefs.h.  */
| 
| #define PACKAGE_NAME ""
| #define PACKAGE_TARNAME ""
| #define PACKAGE_VERSION ""
| #define PACKAGE_STRING ""
| #define PACKAGE_BUGREPORT ""
| #define PACKAGE "DevIL"
| #define VERSION "1.6.7"
| #define STDC_HEADERS 1
| #define HAVE_SYS_TYPES_H 1
| #define HAVE_SYS_STAT_H 1
| #define HAVE_STDLIB_H 1
| #define HAVE_STRING_H 1
| #define HAVE_MEMORY_H 1
| #define HAVE_STRINGS_H 1
| #define HAVE_INTTYPES_H 1
| #define HAVE_STDINT_H 1
| #define HAVE_UNISTD_H 1
| #define HAVE_DLFCN_H 1
| #ifdef __cplusplus
| extern "C" void std::exit (int) throw (); using std::exit;
| #endif
| /* end confdefs.h.  */
| #include <stdio.h>
| #if HAVE_SYS_TYPES_H
| # include <sys/types.h>
| #endif
| #if HAVE_SYS_STAT_H
| # include <sys/stat.h>
| #endif
| #if STDC_HEADERS
| # include <stdlib.h>
| # include <stddef.h>
| #else
| # if HAVE_STDLIB_H
| #  include <stdlib.h>
| # endif
| #endif
| #if HAVE_STRING_H
| # if !STDC_HEADERS && HAVE_MEMORY_H
| #  include <memory.h>
| # endif
| # include <string.h>
| #endif
| #if HAVE_STRINGS_H
| # include <strings.h>
| #endif
| #if HAVE_INTTYPES_H
| # include <inttypes.h>
| #else
| # if HAVE_STDINT_H
| #  include <stdint.h>
| # endif
| #endif
| #if HAVE_UNISTD_H
| # include <unistd.h>
| #endif
| #include <d3d8.h>
configure:22309: result: no
configure:22313: checking d3d8.h presence
configure:22323: gcc -E  -I/usr/X11R6/include conftest.c
conftest.c:25:18: error: d3d8.h: No such file or directory
configure:22329: $? = 1
configure: failed program was:
| /* confdefs.h.  */
| 
| #define PACKAGE_NAME ""
| #define PACKAGE_TARNAME ""
| #define PACKAGE_VERSION ""
| #define PACKAGE_STRING ""
| #define PACKAGE_BUGREPORT ""
| #define PACKAGE "DevIL"
| #define VERSION "1.6.7"
| #define STDC_HEADERS 1
| #define HAVE_SYS_TYPES_H 1
| #define HAVE_SYS_STAT_H 1
| #define HAVE_STDLIB_H 1
| #define HAVE_STRING_H 1
| #define HAVE_MEMORY_H 1
| #define HAVE_STRINGS_H 1
| #define HAVE_INTTYPES_H 1
| #define HAVE_STDINT_H 1
| #define HAVE_UNISTD_H 1
| #define HAVE_DLFCN_H 1
| #ifdef __cplusplus
| extern "C" void std::exit (int) throw (); using std::exit;
| #endif
| /* end confdefs.h.  */
| #include <d3d8.h>
configure:22349: result: no
configure:22384: checking for d3d8.h
configure:22391: result: no
configure:22412: checking SDL.h usability
configure:22424: gcc -c -Wall -funroll-loops -ffast-math -fomit-frame-pointer -fexpensive-optimizations -g -O2  -I/usr/X11R6/include conftest.c >&5
conftest.c:59:17: error: SDL.h: No such file or directory
configure:22430: $? = 1
configure: failed program was:
| /* confdefs.h.  */
| 
| #define PACKAGE_NAME ""
| #define PACKAGE_TARNAME ""
| #define PACKAGE_VERSION ""
| #define PACKAGE_STRING ""
| #define PACKAGE_BUGREPORT ""
| #define PACKAGE "DevIL"
| #define VERSION "1.6.7"
| #define STDC_HEADERS 1
| #define HAVE_SYS_TYPES_H 1
| #define HAVE_SYS_STAT_H 1
| #define HAVE_STDLIB_H 1
| #define HAVE_STRING_H 1
| #define HAVE_MEMORY_H 1
| #define HAVE_STRINGS_H 1
| #define HAVE_INTTYPES_H 1
| #define HAVE_STDINT_H 1
| #define HAVE_UNISTD_H 1
| #define HAVE_DLFCN_H 1
| #ifdef __cplusplus
| extern "C" void std::exit (int) throw (); using std::exit;
| #endif
| /* end confdefs.h.  */
| #include <stdio.h>
| #if HAVE_SYS_TYPES_H
| # include <sys/types.h>
| #endif
| #if HAVE_SYS_STAT_H
| # include <sys/stat.h>
| #endif
| #if STDC_HEADERS
| # include <stdlib.h>
| # include <stddef.h>
| #else
| # if HAVE_STDLIB_H
| #  include <stdlib.h>
| # endif
| #endif
| #if HAVE_STRING_H
| # if !STDC_HEADERS && HAVE_MEMORY_H
| #  include <memory.h>
| # endif
| # include <string.h>
| #endif
| #if HAVE_STRINGS_H
| # include <strings.h>
| #endif
| #if HAVE_INTTYPES_H
| # include <inttypes.h>
| #else
| # if HAVE_STDINT_H
| #  include <stdint.h>
| # endif
| #endif
| #if HAVE_UNISTD_H
| # include <unistd.h>
| #endif
| #include <SDL.h>
configure:22453: result: no
configure:22457: checking SDL.h presence
configure:22467: gcc -E  -I/usr/X11R6/include conftest.c
conftest.c:25:17: error: SDL.h: No such file or directory
configure:22473: $? = 1
configure: failed program was:
| /* confdefs.h.  */
| 
| #define PACKAGE_NAME ""
| #define PACKAGE_TARNAME ""
| #define PACKAGE_VERSION ""
| #define PACKAGE_STRING ""
| #define PACKAGE_BUGREPORT ""
| #define PACKAGE "DevIL"
| #define VERSION "1.6.7"
| #define STDC_HEADERS 1
| #define HAVE_SYS_TYPES_H 1
| #define HAVE_SYS_STAT_H 1
| #define HAVE_STDLIB_H 1
| #define HAVE_STRING_H 1
| #define HAVE_MEMORY_H 1
| #define HAVE_STRINGS_H 1
| #define HAVE_INTTYPES_H 1
| #define HAVE_STDINT_H 1
| #define HAVE_UNISTD_H 1
| #define HAVE_DLFCN_H 1
| #ifdef __cplusplus
| extern "C" void std::exit (int) throw (); using std::exit;
| #endif
| /* end confdefs.h.  */
| #include <SDL.h>
configure:22493: result: no
configure:22528: checking for SDL.h
configure:22535: result: no
configure:22556: checking zlib.h usability
configure:22568: gcc -c -Wall -funroll-loops -ffast-math -fomit-frame-pointer -fexpensive-optimizations -g -O2  -I/usr/X11R6/include conftest.c >&5
configure:22574: $? = 0
configure:22578: test -z 
			 || test ! -s conftest.err
configure:22581: $? = 0
configure:22584: test -s conftest.o
configure:22587: $? = 0
configure:22597: result: yes
configure:22601: checking zlib.h presence
configure:22611: gcc -E  -I/usr/X11R6/include conftest.c
configure:22617: $? = 0
configure:22637: result: yes
configure:22672: checking for zlib.h
configure:22679: result: yes
configure:22693: checking for jpeg_start_decompress in -ljpeg
configure:22723: gcc -o conftest -Wall -funroll-loops -ffast-math -fomit-frame-pointer -fexpensive-optimizations -g -O2  -I/usr/X11R6/include  conftest.c -ljpeg   >&5
configure:22729: $? = 0
configure:22733: test -z 
			 || test ! -s conftest.err
configure:22736: $? = 0
configure:22739: test -s conftest
configure:22742: $? = 0
configure:22755: result: yes
configure:22766: checking for jpeg_init_exif_field in -ljpeg
configure:22796: gcc -o conftest -Wall -funroll-loops -ffast-math -fomit-frame-pointer -fexpensive-optimizations -g -O2  -I/usr/X11R6/include  conftest.c -ljpeg   >&5
/tmp/ccyqXCGD.o: In function `main':
/home/xray/chp/progs/CLUCalcSource/CLUdevil-1.6.7/conftest.c:36: undefined reference to `jpeg_init_exif_field'
collect2: ld returned 1 exit status
configure:22802: $? = 1
configure: failed program was:
| /* confdefs.h.  */
| 
| #define PACKAGE_NAME ""
| #define PACKAGE_TARNAME ""
| #define PACKAGE_VERSION ""
| #define PACKAGE_STRING ""
| #define PACKAGE_BUGREPORT ""
| #define PACKAGE "DevIL"
| #define VERSION "1.6.7"
| #define STDC_HEADERS 1
| #define HAVE_SYS_TYPES_H 1
| #define HAVE_SYS_STAT_H 1
| #define HAVE_STDLIB_H 1
| #define HAVE_STRING_H 1
| #define HAVE_MEMORY_H 1
| #define HAVE_STRINGS_H 1
| #define HAVE_INTTYPES_H 1
| #define HAVE_STDINT_H 1
| #define HAVE_UNISTD_H 1
| #define HAVE_DLFCN_H 1
| #ifdef __cplusplus
| extern "C" void std::exit (int) throw (); using std::exit;
| #endif
| /* end confdefs.h.  */
| 
| /* Override any gcc2 internal prototype to avoid an error.  */
| #ifdef __cplusplus
| extern "C"
| #endif
| /* We use char because int might match the return type of a gcc2
|    builtin and then its argument prototype would still apply.  */
| char jpeg_init_exif_field ();
| int
| main ()
| {
| jpeg_init_exif_field ();
|   ;
|   return 0;
| }
configure:22828: result: no
configure:22865: checking for TIFFReadRGBAImage in -ltiff
configure:22895: gcc -o conftest -Wall -funroll-loops -ffast-math -fomit-frame-pointer -fexpensive-optimizations -g -O2  -I/usr/X11R6/include  conftest.c -ltiff -lm  >&5
configure:22901: $? = 0
configure:22905: test -z 
			 || test ! -s conftest.err
configure:22908: $? = 0
configure:22911: test -s conftest
configure:22914: $? = 0
configure:22927: result: yes
configure:22944: checking for png_start_read_image in -lpng
configure:22974: gcc -o conftest -Wall -funroll-loops -ffast-math -fomit-frame-pointer -fexpensive-optimizations -g -O2  -I/usr/X11R6/include  conftest.c -lpng -lpng12 -lz -lm  >&5
configure:22980: $? = 0
configure:22984: test -z 
			 || test ! -s conftest.err
configure:22987: $? = 0
configure:22990: test -s conftest
configure:22993: $? = 0
configure:23006: result: yes
configure:23102: checking for mng_setcb_openstream in -lmng
configure:23132: gcc -o conftest -Wall -funroll-loops -ffast-math -fomit-frame-pointer -fexpensive-optimizations -g -O2  -I/usr/X11R6/include  conftest.c -lmng   >&5
configure:23138: $? = 0
configure:23142: test -z 
			 || test ! -s conftest.err
configure:23145: $? = 0
configure:23148: test -s conftest
configure:23151: $? = 0
configure:23164: result: yes
configure:23222: checking for sdl-config
configure:23253: result: no
configure:23261: checking for SDL - version >= 1.2.5
configure:23386: result: no
configure:23485: checking for GL/gl.h
configure:23490: result: yes
configure:23636: checking for glLoadIdentity in -lGL
configure:23666: gcc -o conftest -Wall -funroll-loops -ffast-math -fomit-frame-pointer -fexpensive-optimizations -g -O2  -I/usr/X11R6/include  conftest.c -lGL   >&5
configure:23672: $? = 0
configure:23676: test -z 
			 || test ! -s conftest.err
configure:23679: $? = 0
configure:23682: test -s conftest
configure:23685: $? = 0
configure:23698: result: yes
configure:23704: checking for gluPerspective in -lGLU
configure:23734: gcc -o conftest -Wall -funroll-loops -ffast-math -fomit-frame-pointer -fexpensive-optimizations -g -O2  -I/usr/X11R6/include  conftest.c -lGLU   >&5
configure:23740: $? = 0
configure:23744: test -z 
			 || test ! -s conftest.err
configure:23747: $? = 0
configure:23750: test -s conftest
configure:23753: $? = 0
configure:23766: result: yes
configure:23787: checking for allegro-config
configure:23814: result: no
configure:24357: result:  
configure:24359: result: +----------------------------------------+
configure:24361: result: |     IL library  Supported formats      |
configure:24363: result: +----------------------------------------+-------+
configure:24365: result: BMP DCX DDS WAD GIF HDR ICO JPG LIF MDL MNG PCD PCX PIC PIX PNG PNM PSD PSP PXR RAW SGI TGA TIF WAL XPM 
configure:24423: result:  
configure:24425: result: +----------------------------------------+
configure:24427: result: |      ILUT library  Supported APIs      |
configure:24429: result: +----------------------------------------+-------+
configure:24431: result: OpenGL 
configure:24434: result:  
configure:24756: creating ./config.status

## ---------------------- ##
## Running config.status. ##
## ---------------------- ##

This file was extended by config.status, which was
generated by GNU Autoconf 2.59.  Invocation command line was

  CONFIG_FILES    = 
  CONFIG_HEADERS  = 
  CONFIG_LINKS    = 
  CONFIG_COMMANDS = 
  $ ./config.status 

on xray

config.status:822: creating Makefile
config.status:822: creating src-IL/Makefile
config.status:822: creating src-IL/src/Makefile
config.status:822: creating src-IL/include/Makefile
config.status:822: creating src-ILU/Makefile
config.status:822: creating src-ILU/src/Makefile
config.status:822: creating src-ILU/include/Makefile
config.status:822: creating src-ILUT/Makefile
config.status:822: creating src-ILUT/src/Makefile
config.status:822: creating src-ILUT/include/Makefile
config.status:822: creating include/Makefile
config.status:822: creating include/IL/Makefile
config.status:926: creating include/IL/config.h
config.status:1040: include/IL/config.h is unchanged
config.status:1220: executing depfiles commands

## ---------------- ##
## Cache variables. ##
## ---------------- ##

ac_cv_build=i686-suse-linux
ac_cv_build_alias=i686-suse-linux
ac_cv_c_bigendian=no
ac_cv_c_compiler_gnu=yes
ac_cv_cxx_compiler_gnu=yes
ac_cv_env_CC_set=
ac_cv_env_CC_value=
ac_cv_env_CFLAGS_set=
ac_cv_env_CFLAGS_value=
ac_cv_env_CPPFLAGS_set=
ac_cv_env_CPPFLAGS_value=
ac_cv_env_CPP_set=
ac_cv_env_CPP_value=
ac_cv_env_CXXCPP_set=
ac_cv_env_CXXCPP_value=
ac_cv_env_CXXFLAGS_set=
ac_cv_env_CXXFLAGS_value=
ac_cv_env_CXX_set=
ac_cv_env_CXX_value=
ac_cv_env_F77_set=
ac_cv_env_F77_value=
ac_cv_env_FFLAGS_set=
ac_cv_env_FFLAGS_value=
ac_cv_env_LDFLAGS_set=
ac_cv_env_LDFLAGS_value=
ac_cv_env_build_alias_set=
ac_cv_env_build_alias_value=
ac_cv_env_host_alias_set=
ac_cv_env_host_alias_value=
ac_cv_env_target_alias_set=
ac_cv_env_target_alias_value=
ac_cv_exeext=
ac_cv_f77_compiler_gnu=yes
ac_cv_func_connect=yes
ac_cv_func_gethostbyname=yes
ac_cv_func_remove=yes
ac_cv_func_shmat=yes
ac_cv_have_x='have_x=yes 		ac_x_includes=/usr/X11R6/include ac_x_libraries=/usr/X11R6/lib'
ac_cv_header_GL_gl_h=yes
ac_cv_header_SDL_h=no
ac_cv_header_d3d8_h=no
ac_cv_header_dlfcn_h=yes
ac_cv_header_inttypes_h=yes
ac_cv_header_jpeglib_h=yes
ac_cv_header_lcms_lcms_h=no
ac_cv_header_libmng_h=yes
ac_cv_header_memory_h=yes
ac_cv_header_png_h=yes
ac_cv_header_stdc=yes
ac_cv_header_stdint_h=yes
ac_cv_header_stdlib_h=yes
ac_cv_header_string_h=yes
ac_cv_header_strings_h=yes
ac_cv_header_sys_stat_h=yes
ac_cv_header_sys_types_h=yes
ac_cv_header_tiffio_h=yes
ac_cv_header_unistd_h=yes
ac_cv_header_zlib_h=yes
ac_cv_host=i686-suse-linux
ac_cv_host_alias=i686-suse-linux
ac_cv_lib_GLU_gluPerspective=yes
ac_cv_lib_GL_glLoadIdentity=yes
ac_cv_lib_ICE_IceConnectionNumber=yes
ac_cv_lib_jpeg_jpeg_init_exif_field=no
ac_cv_lib_jpeg_jpeg_start_decompress=yes
ac_cv_lib_mng_mng_setcb_openstream=yes
ac_cv_lib_png_png_start_read_image=yes
ac_cv_lib_tiff_TIFFReadRGBAImage=yes
ac_cv_objext=o
ac_cv_path_SDL_CONFIG=no
ac_cv_path_install='/usr/bin/install -c'
ac_cv_prog_AWK=gawk
ac_cv_prog_CPP='gcc -E'
ac_cv_prog_CXXCPP='g++ -E'
ac_cv_prog_ac_ct_AR=ar
ac_cv_prog_ac_ct_CC=gcc
ac_cv_prog_ac_ct_CXX=g++
ac_cv_prog_ac_ct_F77=gfortran
ac_cv_prog_ac_ct_RANLIB=ranlib
ac_cv_prog_ac_ct_STRIP=strip
ac_cv_prog_allegro_config=no
ac_cv_prog_cc_g=yes
ac_cv_prog_cc_stdc=
ac_cv_prog_cxx_g=yes
ac_cv_prog_egrep='grep -E'
ac_cv_prog_f77_g=yes
ac_cv_prog_make_make_set=yes
ac_cv_target=i686-suse-linux
ac_cv_target_alias=i686-suse-linux
am_cv_CC_dependencies_compiler_type=gcc3
am_cv_CXX_dependencies_compiler_type=gcc3
lt_cv_deplibs_check_method=pass_all
lt_cv_file_magic_cmd='$MAGIC_CMD'
lt_cv_file_magic_test_file='/lib/libc.so.6 /lib/libc-2.3.5.so'
lt_cv_ld_reload_flag=-r
lt_cv_objdir=.libs
lt_cv_path_LD=/usr/i586-suse-linux/bin/ld
lt_cv_path_LDCXX=/usr/i586-suse-linux/bin/ld
lt_cv_path_NM='/usr/bin/nm -B'
lt_cv_path_SED=/usr/bin/sed
lt_cv_prog_compiler_c_o=yes
lt_cv_prog_compiler_c_o_CXX=yes
lt_cv_prog_compiler_c_o_F77=yes
lt_cv_prog_compiler_rtti_exceptions=no
lt_cv_prog_gnu_ld=yes
lt_cv_prog_gnu_ldcxx=yes
lt_cv_sys_global_symbol_pipe='sed -n -e '\''s/^.*[ 	]\([ABCDGISTW][ABCDGISTW]*\)[ 	][ 	]*\(\)\([_A-Za-z][_A-Za-z0-9]*\)$/\1 \2\3 \3/p'\'''
lt_cv_sys_global_symbol_to_c_name_address='sed -n -e '\''s/^: \([^ ]*\) $/  {\"\1\", (lt_ptr) 0},/p'\'' -e '\''s/^[BCDEGRST] \([^ ]*\) \([^ ]*\)$/  {"\2", (lt_ptr) \&\2},/p'\'''
lt_cv_sys_global_symbol_to_cdecl='sed -n -e '\''s/^. .* \(.*\)$/extern int \1;/p'\'''
lt_cv_sys_max_cmd_len=32768
lt_lt_cv_prog_compiler_c_o='"yes"'
lt_lt_cv_prog_compiler_c_o_CXX='"yes"'
lt_lt_cv_prog_compiler_c_o_F77='"yes"'
lt_lt_cv_sys_global_symbol_pipe='"sed -n -e '\''s/^.*[ 	]\\([ABCDGISTW][ABCDGISTW]*\\)[ 	][ 	]*\\(\\)\\([_A-Za-z][_A-Za-z0-9]*\\)\$/\\1 \\2\\3 \\3/p'\''"'
lt_lt_cv_sys_global_symbol_to_c_name_address='"sed -n -e '\''s/^: \\([^ ]*\\) \$/  {\\\"\\1\\\", (lt_ptr) 0},/p'\'' -e '\''s/^[BCDEGRST] \\([^ ]*\\) \\([^ ]*\\)\$/  {\"\\2\", (lt_ptr) \\&\\2},/p'\''"'
lt_lt_cv_sys_global_symbol_to_cdecl='"sed -n -e '\''s/^. .* \\(.*\\)\$/extern int \\1;/p'\''"'

## ----------------- ##
## Output variables. ##
## ----------------- ##

ACLOCAL='${SHELL} /home/xray/chp/progs/CLUCalcSource/CLUdevil-1.6.7/libtools/missing --run aclocal-1.9'
AMDEPBACKSLASH='\'
AMDEP_FALSE='#'
AMDEP_TRUE=''
AMTAR='${SHELL} /home/xray/chp/progs/CLUCalcSource/CLUdevil-1.6.7/libtools/missing --run tar'
AR='ar'
AS='as'
AUTOCONF='${SHELL} /home/xray/chp/progs/CLUCalcSource/CLUdevil-1.6.7/libtools/missing --run autoconf'
AUTOHEADER='${SHELL} /home/xray/chp/progs/CLUCalcSource/CLUdevil-1.6.7/libtools/missing --run autoheader'
AUTOMAKE='${SHELL} /home/xray/chp/progs/CLUCalcSource/CLUdevil-1.6.7/libtools/missing --run automake-1.9'
AWK='gawk'
CC='gcc'
CCDEPMODE='depmode=gcc3'
CFLAGS='-Wall -funroll-loops -ffast-math -fomit-frame-pointer -fexpensive-optimizations -g -O2'
CPP='gcc -E'
CPPFLAGS=' -I/usr/X11R6/include'
CXX='g++'
CXXCPP='g++ -E'
CXXDEPMODE='depmode=gcc3'
CXXFLAGS='-g -O2'
CYGPATH_W='echo'
DEFS='-DHAVE_CONFIG_H'
DEPDIR='.deps'
DEVIL_LTVERSION='1:0:0'
DLLTOOL='dlltool'
ECHO='echo'
ECHO_C=''
ECHO_N='-n'
ECHO_T=''
EGREP='grep -E'
EXEEXT=''
F77='gfortran'
FFLAGS='-g -O2'
HALLEGRO=''
HSDL=''
IL_NO_BMP_FALSE='#'
IL_NO_BMP_TRUE=''
IL_NO_DCX_FALSE='#'
IL_NO_DCX_TRUE=''
IL_NO_DDS_FALSE='#'
IL_NO_DDS_TRUE=''
IL_NO_DOOM_FALSE='#'
IL_NO_DOOM_TRUE=''
IL_NO_GIF_FALSE='#'
IL_NO_GIF_TRUE=''
IL_NO_HDR_FALSE='#'
IL_NO_HDR_TRUE=''
IL_NO_ICO_FALSE='#'
IL_NO_ICO_TRUE=''
IL_NO_JPG_FALSE='#'
IL_NO_JPG_TRUE=''
IL_NO_LCMS_FALSE=''
IL_NO_LCMS_TRUE='#'
IL_NO_LIF_FALSE='#'
IL_NO_LIF_TRUE=''
IL_NO_MDL_FALSE='#'
IL_NO_MDL_TRUE=''
IL_NO_MNG_FALSE='#'
IL_NO_MNG_TRUE=''
IL_NO_PCD_FALSE='#'
IL_NO_PCD_TRUE=''
IL_NO_PCX_FALSE='#'
IL_NO_PCX_TRUE=''
IL_NO_PIC_FALSE='#'
IL_NO_PIC_TRUE=''
IL_NO_PIX_FALSE='#'
IL_NO_PIX_TRUE=''
IL_NO_PNG_FALSE='#'
IL_NO_PNG_TRUE=''
IL_NO_PNM_FALSE='#'
IL_NO_PNM_TRUE=''
IL_NO_PSD_FALSE='#'
IL_NO_PSD_TRUE=''
IL_NO_PSP_FALSE='#'
IL_NO_PSP_TRUE=''
IL_NO_PXR_FALSE='#'
IL_NO_PXR_TRUE=''
IL_NO_RAW_FALSE='#'
IL_NO_RAW_TRUE=''
IL_NO_SGI_FALSE='#'
IL_NO_SGI_TRUE=''
IL_NO_TGA_FALSE='#'
IL_NO_TGA_TRUE=''
IL_NO_TIF_FALSE='#'
IL_NO_TIF_TRUE=''
IL_NO_WAL_FALSE='#'
IL_NO_WAL_TRUE=''
IL_NO_XPM_FALSE='#'
IL_NO_XPM_TRUE=''
INSTALL_DATA='${INSTALL} -m 644'
INSTALL_PROGRAM='${INSTALL}'
INSTALL_SCRIPT='${INSTALL}'
INSTALL_STRIP_PROGRAM='${SHELL} $(install_sh) -c -s'
LDFLAGS=''
LDFLAGS_ILUT=''
LIBALLEGRO=''
LIBGDI32=''
LIBGL='-lGLU'
LIBILUT_CFLAGS='-Wall -funroll-loops -ffast-math -fomit-frame-pointer -fexpensive-optimizations -g -O2'
LIBILUT_WIN32LIBPATH=''
LIBILU_CFLAGS='-Wall -funroll-loops -ffast-math -fomit-frame-pointer -fexpensive-optimizations -g -O2'
LIBIL_CFLAGS='-Wall -funroll-loops -ffast-math -fomit-frame-pointer -fexpensive-optimizations -g -O2'
LIBJPG='-ljpeg'
LIBLCMS=''
LIBMNG='-lmng'
LIBOBJS=''
LIBPNG='-lpng'
LIBS=''
LIBSDL=''
LIBTIFF='-ltiff'
LIBTOOL='$(SHELL) $(top_builddir)/libtool'
LIBZ='-lz'
LN_S='ln -s'
LTLIBOBJS=''
MAINT='#'
MAINTAINER_MODE_FALSE=''
MAINTAINER_MODE_TRUE='#'
MAKEINFO='${SHELL} /home/xray/chp/progs/CLUCalcSource/CLUdevil-1.6.7/libtools/missing --run makeinfo'
OBJDUMP='objdump'
OBJEXT='o'
PACKAGE='DevIL'
PACKAGE_BUGREPORT=''
PACKAGE_NAME=''
PACKAGE_STRING=''
PACKAGE_TARNAME=''
PACKAGE_VERSION=''
PATH_SEPARATOR=':'
RANLIB='ranlib'
SDL_CFLAGS=''
SDL_CONFIG='no'
SDL_LIBS=''
SET_MAKE=''
SHELL='/bin/sh'
STRIP='strip'
VERSION='1.6.7'
VERSIONINFO='-version-info 1:0:0'
X_CFLAGS=' -I/usr/X11R6/include'
X_EXTRA_LIBS=''
X_LIBS=' -L/usr/X11R6/lib'
X_PRE_LIBS=' -lSM -lICE'
ac_ct_AR='ar'
ac_ct_AS=''
ac_ct_CC='gcc'
ac_ct_CXX='g++'
ac_ct_DLLTOOL=''
ac_ct_F77='gfortran'
ac_ct_OBJDUMP=''
ac_ct_RANLIB='ranlib'
ac_ct_STRIP='strip'
allegro_config='no'
am__fastdepCC_FALSE='#'
am__fastdepCC_TRUE=''
am__fastdepCXX_FALSE='#'
am__fastdepCXX_TRUE=''
am__include='include'
am__leading_dot='.'
am__quote=''
am__tar='${AMTAR} chof - "$$tardir"'
am__untar='${AMTAR} xf -'
bindir='${exec_prefix}/bin'
build='i686-suse-linux'
build_alias=''
build_cpu='i686'
build_os='linux'
build_vendor='suse'
datadir='${prefix}/share'
exec_prefix='${prefix}'
host='i686-suse-linux'
host_alias=''
host_cpu='i686'
host_os='linux'
host_vendor='suse'
includedir='${prefix}/include'
infodir='${prefix}/info'
install_sh='/home/xray/chp/progs/CLUCalcSource/CLUdevil-1.6.7/libtools/install-sh'
libdir='${exec_prefix}/lib'
libexecdir='${exec_prefix}/libexec'
localstatedir='${prefix}/var'
mandir='${prefix}/man'
mkdir_p='mkdir -p --'
oldincludedir='/usr/include'
prefix='/home/xray/chp/progs/CLUCalcSource/CLUdevil'
program_transform_name='s,x,x,'
sbindir='${exec_prefix}/sbin'
sdl_major_version=''
sdl_micro_version=''
sdl_minor_version=''
sharedstatedir='${prefix}/com'
sysconfdir='${prefix}/etc'
target='i686-suse-linux'
target_alias=''
target_cpu='i686'
target_os='linux'
target_vendor='suse'

## ----------- ##
## confdefs.h. ##
## ----------- ##

#define HAVE_DLFCN_H 1
#define HAVE_INTTYPES_H 1
#define HAVE_MEMORY_H 1
#define HAVE_STDINT_H 1
#define HAVE_STDLIB_H 1
#define HAVE_STRINGS_H 1
#define HAVE_STRING_H 1
#define HAVE_SYS_STAT_H 1
#define HAVE_SYS_TYPES_H 1
#define HAVE_UNISTD_H 1
#define ILUT_USE_OPENGL 1
#define IL_NO_LCMS 1
#define IL_USE_JPEGLIB_UNMODIFIED 1
#define IL_USE_JPEGLIB_UNMODIFIED 1
#define PACKAGE "DevIL"
#define PACKAGE_BUGREPORT ""
#define PACKAGE_NAME ""
#define PACKAGE_STRING ""
#define PACKAGE_TARNAME ""
#define PACKAGE_VERSION ""
#define STDC_HEADERS 1
#define VERSION "1.6.7"
#endif
#ifdef __cplusplus
extern "C" void std::exit (int) throw (); using std::exit;

configure: exit 0
